{
  "/home/kboshold/workspace/private/zaps/src/cli.tsx": {
    "path": "/home/kboshold/workspace/private/zaps/src/cli.tsx",
    "all": true,
    "statementMap": {
      "1": { "start": { "line": 2, "column": 0 }, "end": { "line": 2, "column": 29 } },
      "4": { "start": { "line": 5, "column": 0 }, "end": { "line": 5, "column": 36 } },
      "6": { "start": { "line": 7, "column": 0 }, "end": { "line": 7, "column": 55 } },
      "7": { "start": { "line": 8, "column": 0 }, "end": { "line": 8, "column": 48 } },
      "8": { "start": { "line": 9, "column": 0 }, "end": { "line": 9, "column": 54 } },
      "9": { "start": { "line": 10, "column": 0 }, "end": { "line": 10, "column": 38 } },
      "10": { "start": { "line": 11, "column": 0 }, "end": { "line": 11, "column": 63 } },
      "11": { "start": { "line": 12, "column": 0 }, "end": { "line": 12, "column": 52 } },
      "12": { "start": { "line": 13, "column": 0 }, "end": { "line": 13, "column": 8 } },
      "25": { "start": { "line": 26, "column": 0 }, "end": { "line": 26, "column": 69 } },
      "26": { "start": { "line": 27, "column": 0 }, "end": { "line": 27, "column": 52 } },
      "27": { "start": { "line": 28, "column": 0 }, "end": { "line": 28, "column": 17 } },
      "28": { "start": { "line": 29, "column": 0 }, "end": { "line": 29, "column": 3 } },
      "29": { "start": { "line": 30, "column": 0 }, "end": { "line": 30, "column": 41 } },
      "30": { "start": { "line": 31, "column": 0 }, "end": { "line": 31, "column": 32 } },
      "31": { "start": { "line": 32, "column": 0 }, "end": { "line": 32, "column": 19 } },
      "32": { "start": { "line": 33, "column": 0 }, "end": { "line": 33, "column": 5 } },
      "33": { "start": { "line": 34, "column": 0 }, "end": { "line": 34, "column": 3 } },
      "34": { "start": { "line": 35, "column": 0 }, "end": { "line": 35, "column": 14 } },
      "35": { "start": { "line": 36, "column": 0 }, "end": { "line": 36, "column": 1 } },
      "37": { "start": { "line": 38, "column": 0 }, "end": { "line": 38, "column": 35 } },
      "39": { "start": { "line": 40, "column": 0 }, "end": { "line": 40, "column": 48 } },
      "40": { "start": { "line": 41, "column": 0 }, "end": { "line": 41, "column": 43 } },
      "41": { "start": { "line": 42, "column": 0 }, "end": { "line": 42, "column": 3 } },
      "43": { "start": { "line": 44, "column": 0 }, "end": { "line": 44, "column": 44 } },
      "44": { "start": { "line": 45, "column": 0 }, "end": { "line": 45, "column": 1 } },
      "46": { "start": { "line": 47, "column": 0 }, "end": { "line": 47, "column": 78 } },
      "51": { "start": { "line": 52, "column": 0 }, "end": { "line": 52, "column": 42 } },
      "52": { "start": { "line": 53, "column": 0 }, "end": { "line": 53, "column": 10 } },
      "53": { "start": { "line": 54, "column": 0 }, "end": { "line": 54, "column": 13 } },
      "54": { "start": { "line": 55, "column": 0 }, "end": { "line": 55, "column": 14 } },
      "55": { "start": { "line": 56, "column": 0 }, "end": { "line": 56, "column": 12 } },
      "56": { "start": { "line": 57, "column": 0 }, "end": { "line": 57, "column": 16 } },
      "57": { "start": { "line": 58, "column": 0 }, "end": { "line": 58, "column": 16 } },
      "58": { "start": { "line": 59, "column": 0 }, "end": { "line": 59, "column": 22 } },
      "59": { "start": { "line": 60, "column": 0 }, "end": { "line": 60, "column": 4 } },
      "60": { "start": { "line": 61, "column": 0 }, "end": { "line": 61, "column": 1 } },
      "62": { "start": { "line": 63, "column": 0 }, "end": { "line": 63, "column": 7 } },
      "63": { "start": { "line": 64, "column": 0 }, "end": { "line": 64, "column": 38 } },
      "64": { "start": { "line": 65, "column": 0 }, "end": { "line": 65, "column": 41 } },
      "65": { "start": { "line": 66, "column": 0 }, "end": { "line": 66, "column": 23 } },
      "66": { "start": { "line": 67, "column": 0 }, "end": { "line": 67, "column": 53 } },
      "67": { "start": { "line": 68, "column": 0 }, "end": { "line": 68, "column": 22 } },
      "68": { "start": { "line": 69, "column": 0 }, "end": { "line": 69, "column": 80 } },
      "69": { "start": { "line": 70, "column": 0 }, "end": { "line": 70, "column": 22 } },
      "70": { "start": { "line": 71, "column": 0 }, "end": { "line": 71, "column": 5 } },
      "72": { "start": { "line": 73, "column": 0 }, "end": { "line": 73, "column": 48 } },
      "75": { "start": { "line": 76, "column": 0 }, "end": { "line": 76, "column": 26 } },
      "76": { "start": { "line": 77, "column": 0 }, "end": { "line": 77, "column": 77 } },
      "77": { "start": { "line": 78, "column": 0 }, "end": { "line": 78, "column": 22 } },
      "78": { "start": { "line": 79, "column": 0 }, "end": { "line": 79, "column": 5 } },
      "81": { "start": { "line": 82, "column": 0 }, "end": { "line": 82, "column": 45 } },
      "82": { "start": { "line": 83, "column": 0 }, "end": { "line": 83, "column": 47 } },
      "85": { "start": { "line": 86, "column": 0 }, "end": { "line": 86, "column": 99 } },
      "88": { "start": { "line": 89, "column": 0 }, "end": { "line": 89, "column": 72 } },
      "89": { "start": { "line": 90, "column": 0 }, "end": { "line": 90, "column": 62 } },
      "91": { "start": { "line": 92, "column": 0 }, "end": { "line": 92, "column": 38 } },
      "94": { "start": { "line": 95, "column": 0 }, "end": { "line": 95, "column": 64 } },
      "95": { "start": { "line": 96, "column": 0 }, "end": { "line": 96, "column": 5 } },
      "97": { "start": { "line": 98, "column": 0 }, "end": { "line": 98, "column": 7 } },
      "98": { "start": { "line": 99, "column": 0 }, "end": { "line": 99, "column": 16 } },
      "99": { "start": { "line": 100, "column": 0 }, "end": { "line": 100, "column": 54 } },
      "100": { "start": { "line": 101, "column": 0 }, "end": { "line": 101, "column": 59 } },
      "101": { "start": { "line": 102, "column": 0 }, "end": { "line": 102, "column": 48 } },
      "102": { "start": { "line": 103, "column": 0 }, "end": { "line": 103, "column": 53 } },
      "103": { "start": { "line": 104, "column": 0 }, "end": { "line": 104, "column": 22 } },
      "104": { "start": { "line": 105, "column": 0 }, "end": { "line": 105, "column": 49 } },
      "105": { "start": { "line": 106, "column": 0 }, "end": { "line": 106, "column": 22 } },
      "106": { "start": { "line": 107, "column": 0 }, "end": { "line": 107, "column": 5 } },
      "108": { "start": { "line": 109, "column": 0 }, "end": { "line": 109, "column": 48 } },
      "110": { "start": { "line": 111, "column": 0 }, "end": { "line": 111, "column": 47 } },
      "113": { "start": { "line": 114, "column": 0 }, "end": { "line": 114, "column": 67 } },
      "114": { "start": { "line": 115, "column": 0 }, "end": { "line": 115, "column": 22 } },
      "115": { "start": { "line": 116, "column": 0 }, "end": { "line": 116, "column": 80 } },
      "116": { "start": { "line": 117, "column": 0 }, "end": { "line": 117, "column": 22 } },
      "117": { "start": { "line": 118, "column": 0 }, "end": { "line": 118, "column": 5 } },
      "119": { "start": { "line": 120, "column": 0 }, "end": { "line": 120, "column": 51 } },
      "120": { "start": { "line": 121, "column": 0 }, "end": { "line": 121, "column": 29 } },
      "121": { "start": { "line": 122, "column": 0 }, "end": { "line": 122, "column": 71 } },
      "122": { "start": { "line": 123, "column": 0 }, "end": { "line": 123, "column": 22 } },
      "123": { "start": { "line": 124, "column": 0 }, "end": { "line": 124, "column": 5 } },
      "124": { "start": { "line": 125, "column": 0 }, "end": { "line": 125, "column": 27 } },
      "125": { "start": { "line": 126, "column": 0 }, "end": { "line": 126, "column": 29 } },
      "126": { "start": { "line": 127, "column": 0 }, "end": { "line": 127, "column": 72 } },
      "127": { "start": { "line": 128, "column": 0 }, "end": { "line": 128, "column": 62 } },
      "130": { "start": { "line": 131, "column": 0 }, "end": { "line": 131, "column": 21 } },
      "132": { "start": { "line": 133, "column": 0 }, "end": { "line": 133, "column": 30 } },
      "133": { "start": { "line": 134, "column": 0 }, "end": { "line": 134, "column": 5 } },
      "139": { "start": { "line": 140, "column": 0 }, "end": { "line": 140, "column": 58 } },
      "141": { "start": { "line": 142, "column": 0 }, "end": { "line": 142, "column": 70 } },
      "143": { "start": { "line": 144, "column": 0 }, "end": { "line": 144, "column": 43 } },
      "144": { "start": { "line": 145, "column": 0 }, "end": { "line": 145, "column": 56 } },
      "145": { "start": { "line": 146, "column": 0 }, "end": { "line": 146, "column": 99 } },
      "146": { "start": { "line": 147, "column": 0 }, "end": { "line": 147, "column": 26 } },
      "147": { "start": { "line": 148, "column": 0 }, "end": { "line": 148, "column": 7 } },
      "149": { "start": { "line": 150, "column": 0 }, "end": { "line": 150, "column": 26 } },
      "152": { "start": { "line": 153, "column": 0 }, "end": { "line": 153, "column": 28 } },
      "155": { "start": { "line": 156, "column": 0 }, "end": { "line": 156, "column": 70 } },
      "156": { "start": { "line": 157, "column": 0 }, "end": { "line": 157, "column": 50 } },
      "157": { "start": { "line": 158, "column": 0 }, "end": { "line": 158, "column": 34 } },
      "159": { "start": { "line": 160, "column": 0 }, "end": { "line": 160, "column": 44 } },
      "161": { "start": { "line": 162, "column": 0 }, "end": { "line": 162, "column": 11 } },
      "162": { "start": { "line": 163, "column": 0 }, "end": { "line": 163, "column": 7 } },
      "163": { "start": { "line": 164, "column": 0 }, "end": { "line": 164, "column": 5 } },
      "166": { "start": { "line": 167, "column": 0 }, "end": { "line": 167, "column": 49 } },
      "168": { "start": { "line": 169, "column": 0 }, "end": { "line": 169, "column": 7 } },
      "169": { "start": { "line": 170, "column": 0 }, "end": { "line": 170, "column": 5 } },
      "171": { "start": { "line": 172, "column": 0 }, "end": { "line": 172, "column": 7 } },
      "172": { "start": { "line": 173, "column": 0 }, "end": { "line": 173, "column": 22 } },
      "173": { "start": { "line": 174, "column": 0 }, "end": { "line": 174, "column": 36 } },
      "174": { "start": { "line": 175, "column": 0 }, "end": { "line": 175, "column": 23 } },
      "175": { "start": { "line": 176, "column": 0 }, "end": { "line": 176, "column": 42 } },
      "176": { "start": { "line": 177, "column": 0 }, "end": { "line": 177, "column": 32 } },
      "177": { "start": { "line": 178, "column": 0 }, "end": { "line": 178, "column": 56 } },
      "178": { "start": { "line": 179, "column": 0 }, "end": { "line": 179, "column": 13 } },
      "179": { "start": { "line": 180, "column": 0 }, "end": { "line": 180, "column": 5 } },
      "180": { "start": { "line": 181, "column": 0 }, "end": { "line": 181, "column": 37 } },
      "181": { "start": { "line": 182, "column": 0 }, "end": { "line": 182, "column": 43 } },
      "182": { "start": { "line": 183, "column": 0 }, "end": { "line": 183, "column": 5 } },
      "183": { "start": { "line": 184, "column": 0 }, "end": { "line": 184, "column": 5 } },
      "185": { "start": { "line": 186, "column": 0 }, "end": { "line": 186, "column": 7 } },
      "186": { "start": { "line": 187, "column": 0 }, "end": { "line": 187, "column": 18 } },
      "187": { "start": { "line": 188, "column": 0 }, "end": { "line": 188, "column": 51 } },
      "188": { "start": { "line": 189, "column": 0 }, "end": { "line": 189, "column": 23 } },
      "189": { "start": { "line": 190, "column": 0 }, "end": { "line": 190, "column": 30 } },
      "190": { "start": { "line": 191, "column": 0 }, "end": { "line": 191, "column": 41 } },
      "191": { "start": { "line": 192, "column": 0 }, "end": { "line": 192, "column": 19 } },
      "192": { "start": { "line": 193, "column": 0 }, "end": { "line": 193, "column": 67 } },
      "193": { "start": { "line": 194, "column": 0 }, "end": { "line": 194, "column": 22 } },
      "194": { "start": { "line": 195, "column": 0 }, "end": { "line": 195, "column": 5 } },
      "195": { "start": { "line": 196, "column": 0 }, "end": { "line": 196, "column": 46 } },
      "196": { "start": { "line": 197, "column": 0 }, "end": { "line": 197, "column": 49 } },
      "197": { "start": { "line": 198, "column": 0 }, "end": { "line": 198, "column": 5 } },
      "199": { "start": { "line": 200, "column": 0 }, "end": { "line": 200, "column": 7 } },
      "200": { "start": { "line": 201, "column": 0 }, "end": { "line": 201, "column": 18 } },
      "201": { "start": { "line": 202, "column": 0 }, "end": { "line": 202, "column": 58 } },
      "202": { "start": { "line": 203, "column": 0 }, "end": { "line": 203, "column": 23 } },
      "204": { "start": { "line": 205, "column": 0 }, "end": { "line": 205, "column": 26 } },
      "205": { "start": { "line": 206, "column": 0 }, "end": { "line": 206, "column": 77 } },
      "206": { "start": { "line": 207, "column": 0 }, "end": { "line": 207, "column": 22 } },
      "207": { "start": { "line": 208, "column": 0 }, "end": { "line": 208, "column": 5 } },
      "209": { "start": { "line": 210, "column": 0 }, "end": { "line": 210, "column": 47 } },
      "212": { "start": { "line": 213, "column": 0 }, "end": { "line": 213, "column": 60 } },
      "213": { "start": { "line": 214, "column": 0 }, "end": { "line": 214, "column": 15 } },
      "214": { "start": { "line": 215, "column": 0 }, "end": { "line": 215, "column": 76 } },
      "215": { "start": { "line": 216, "column": 0 }, "end": { "line": 216, "column": 22 } },
      "216": { "start": { "line": 217, "column": 0 }, "end": { "line": 217, "column": 5 } },
      "218": { "start": { "line": 219, "column": 0 }, "end": { "line": 219, "column": 48 } },
      "219": { "start": { "line": 220, "column": 0 }, "end": { "line": 220, "column": 33 } },
      "220": { "start": { "line": 221, "column": 0 }, "end": { "line": 221, "column": 71 } },
      "221": { "start": { "line": 222, "column": 0 }, "end": { "line": 222, "column": 22 } },
      "222": { "start": { "line": 223, "column": 0 }, "end": { "line": 223, "column": 5 } },
      "223": { "start": { "line": 224, "column": 0 }, "end": { "line": 224, "column": 31 } },
      "224": { "start": { "line": 225, "column": 0 }, "end": { "line": 225, "column": 45 } },
      "226": { "start": { "line": 227, "column": 0 }, "end": { "line": 227, "column": 19 } },
      "227": { "start": { "line": 228, "column": 0 }, "end": { "line": 228, "column": 50 } },
      "228": { "start": { "line": 229, "column": 0 }, "end": { "line": 229, "column": 34 } },
      "230": { "start": { "line": 231, "column": 0 }, "end": { "line": 231, "column": 44 } },
      "232": { "start": { "line": 233, "column": 0 }, "end": { "line": 233, "column": 11 } },
      "233": { "start": { "line": 234, "column": 0 }, "end": { "line": 234, "column": 20 } },
      "234": { "start": { "line": 235, "column": 0 }, "end": { "line": 235, "column": 7 } },
      "235": { "start": { "line": 236, "column": 0 }, "end": { "line": 236, "column": 5 } },
      "237": { "start": { "line": 238, "column": 0 }, "end": { "line": 238, "column": 56 } },
      "238": { "start": { "line": 239, "column": 0 }, "end": { "line": 239, "column": 5 } },
      "240": { "start": { "line": 241, "column": 0 }, "end": { "line": 241, "column": 16 } }
    },
    "s": {
      "1": 0,
      "4": 0,
      "6": 0,
      "7": 0,
      "8": 0,
      "9": 0,
      "10": 0,
      "11": 0,
      "12": 0,
      "25": 0,
      "26": 0,
      "27": 0,
      "28": 0,
      "29": 0,
      "30": 0,
      "31": 0,
      "32": 0,
      "33": 0,
      "34": 0,
      "35": 0,
      "37": 0,
      "39": 0,
      "40": 0,
      "41": 0,
      "43": 0,
      "44": 0,
      "46": 0,
      "51": 0,
      "52": 0,
      "53": 0,
      "54": 0,
      "55": 0,
      "56": 0,
      "57": 0,
      "58": 0,
      "59": 0,
      "60": 0,
      "62": 0,
      "63": 0,
      "64": 0,
      "65": 0,
      "66": 0,
      "67": 0,
      "68": 0,
      "69": 0,
      "70": 0,
      "72": 0,
      "75": 0,
      "76": 0,
      "77": 0,
      "78": 0,
      "81": 0,
      "82": 0,
      "85": 0,
      "88": 0,
      "89": 0,
      "91": 0,
      "94": 0,
      "95": 0,
      "97": 0,
      "98": 0,
      "99": 0,
      "100": 0,
      "101": 0,
      "102": 0,
      "103": 0,
      "104": 0,
      "105": 0,
      "106": 0,
      "108": 0,
      "110": 0,
      "113": 0,
      "114": 0,
      "115": 0,
      "116": 0,
      "117": 0,
      "119": 0,
      "120": 0,
      "121": 0,
      "122": 0,
      "123": 0,
      "124": 0,
      "125": 0,
      "126": 0,
      "127": 0,
      "130": 0,
      "132": 0,
      "133": 0,
      "139": 0,
      "141": 0,
      "143": 0,
      "144": 0,
      "145": 0,
      "146": 0,
      "147": 0,
      "149": 0,
      "152": 0,
      "155": 0,
      "156": 0,
      "157": 0,
      "159": 0,
      "161": 0,
      "162": 0,
      "163": 0,
      "166": 0,
      "168": 0,
      "169": 0,
      "171": 0,
      "172": 0,
      "173": 0,
      "174": 0,
      "175": 0,
      "176": 0,
      "177": 0,
      "178": 0,
      "179": 0,
      "180": 0,
      "181": 0,
      "182": 0,
      "183": 0,
      "185": 0,
      "186": 0,
      "187": 0,
      "188": 0,
      "189": 0,
      "190": 0,
      "191": 0,
      "192": 0,
      "193": 0,
      "194": 0,
      "195": 0,
      "196": 0,
      "197": 0,
      "199": 0,
      "200": 0,
      "201": 0,
      "202": 0,
      "204": 0,
      "205": 0,
      "206": 0,
      "207": 0,
      "209": 0,
      "212": 0,
      "213": 0,
      "214": 0,
      "215": 0,
      "216": 0,
      "218": 0,
      "219": 0,
      "220": 0,
      "221": 0,
      "222": 0,
      "223": 0,
      "224": 0,
      "226": 0,
      "227": 0,
      "228": 0,
      "230": 0,
      "232": 0,
      "233": 0,
      "234": 0,
      "235": 0,
      "237": 0,
      "238": 0,
      "240": 0
    },
    "branchMap": {
      "0": {
        "type": "branch",
        "line": 1,
        "loc": { "start": { "line": 1, "column": 7372 }, "end": { "line": 241, "column": 16 } },
        "locations": [
          { "start": { "line": 1, "column": 7372 }, "end": { "line": 241, "column": 16 } }
        ]
      }
    },
    "b": { "0": [1] },
    "fnMap": {
      "0": {
        "name": "(empty-report)",
        "decl": { "start": { "line": 1, "column": 7372 }, "end": { "line": 241, "column": 16 } },
        "loc": { "start": { "line": 1, "column": 7372 }, "end": { "line": 241, "column": 16 } },
        "line": 1
      }
    },
    "f": { "0": 1 }
  },
  "/home/kboshold/workspace/private/zaps/src/components/App.tsx": {
    "path": "/home/kboshold/workspace/private/zaps/src/components/App.tsx",
    "all": false,
    "statementMap": {
      "1": { "start": { "line": 2, "column": 0 }, "end": { "line": 2, "column": 52 } },
      "4": { "start": { "line": 5, "column": 0 }, "end": { "line": 5, "column": 37 } },
      "14": { "start": { "line": 15, "column": 0 }, "end": { "line": 15, "column": 61 } },
      "15": { "start": { "line": 16, "column": 0 }, "end": { "line": 16, "column": 10 } },
      "16": { "start": { "line": 17, "column": 0 }, "end": { "line": 17, "column": 69 } },
      "17": { "start": { "line": 18, "column": 0 }, "end": { "line": 18, "column": 16 } },
      "18": { "start": { "line": 19, "column": 0 }, "end": { "line": 19, "column": 18 } },
      "20": { "start": { "line": 21, "column": 0 }, "end": { "line": 21, "column": 1 } }
    },
    "s": { "1": 1, "4": 1, "14": 1, "15": 17, "16": 17, "17": 17, "18": 17, "20": 17 },
    "branchMap": {
      "0": {
        "type": "branch",
        "line": 15,
        "loc": { "start": { "line": 15, "column": 7 }, "end": { "line": 21, "column": 1 } },
        "locations": [{ "start": { "line": 15, "column": 7 }, "end": { "line": 21, "column": 1 } }]
      }
    },
    "b": { "0": [17] },
    "fnMap": {
      "0": {
        "name": "App",
        "decl": { "start": { "line": 15, "column": 7 }, "end": { "line": 21, "column": 1 } },
        "loc": { "start": { "line": 15, "column": 7 }, "end": { "line": 21, "column": 1 } },
        "line": 15
      }
    },
    "f": { "0": 17 }
  },
  "/home/kboshold/workspace/private/zaps/src/components/ColumnHeaders.tsx": {
    "path": "/home/kboshold/workspace/private/zaps/src/components/ColumnHeaders.tsx",
    "all": false,
    "statementMap": {
      "0": { "start": { "line": 1, "column": 0 }, "end": { "line": 1, "column": 32 } },
      "2": { "start": { "line": 3, "column": 0 }, "end": { "line": 3, "column": 33 } },
      "3": { "start": { "line": 4, "column": 0 }, "end": { "line": 4, "column": 10 } },
      "4": { "start": { "line": 5, "column": 0 }, "end": { "line": 5, "column": 23 } },
      "5": { "start": { "line": 6, "column": 0 }, "end": { "line": 6, "column": 21 } },
      "6": { "start": { "line": 7, "column": 0 }, "end": { "line": 7, "column": 16 } },
      "7": { "start": { "line": 8, "column": 0 }, "end": { "line": 8, "column": 27 } },
      "8": { "start": { "line": 9, "column": 0 }, "end": { "line": 9, "column": 29 } },
      "9": { "start": { "line": 10, "column": 0 }, "end": { "line": 10, "column": 28 } },
      "10": { "start": { "line": 11, "column": 0 }, "end": { "line": 11, "column": 26 } },
      "12": { "start": { "line": 13, "column": 0 }, "end": { "line": 13, "column": 13 } },
      "13": { "start": { "line": 14, "column": 0 }, "end": { "line": 14, "column": 10 } },
      "15": { "start": { "line": 16, "column": 0 }, "end": { "line": 16, "column": 1 } }
    },
    "s": {
      "0": 1,
      "2": 1,
      "3": 33,
      "4": 33,
      "5": 33,
      "6": 33,
      "7": 33,
      "8": 33,
      "9": 33,
      "10": 33,
      "12": 33,
      "13": 33,
      "15": 33
    },
    "branchMap": {
      "0": {
        "type": "branch",
        "line": 3,
        "loc": { "start": { "line": 3, "column": 7 }, "end": { "line": 16, "column": 1 } },
        "locations": [{ "start": { "line": 3, "column": 7 }, "end": { "line": 16, "column": 1 } }]
      }
    },
    "b": { "0": [33] },
    "fnMap": {
      "0": {
        "name": "ColumnHeaders",
        "decl": { "start": { "line": 3, "column": 7 }, "end": { "line": 16, "column": 1 } },
        "loc": { "start": { "line": 3, "column": 7 }, "end": { "line": 16, "column": 1 } },
        "line": 3
      }
    },
    "f": { "0": 33 }
  },
  "/home/kboshold/workspace/private/zaps/src/components/Dashboard.tsx": {
    "path": "/home/kboshold/workspace/private/zaps/src/components/Dashboard.tsx",
    "all": false,
    "statementMap": {
      "0": { "start": { "line": 1, "column": 0 }, "end": { "line": 1, "column": 48 } },
      "2": { "start": { "line": 3, "column": 0 }, "end": { "line": 3, "column": 61 } },
      "3": { "start": { "line": 4, "column": 0 }, "end": { "line": 4, "column": 37 } },
      "5": { "start": { "line": 6, "column": 0 }, "end": { "line": 6, "column": 51 } },
      "6": { "start": { "line": 7, "column": 0 }, "end": { "line": 7, "column": 37 } },
      "7": { "start": { "line": 8, "column": 0 }, "end": { "line": 8, "column": 39 } },
      "8": { "start": { "line": 9, "column": 0 }, "end": { "line": 9, "column": 47 } },
      "16": { "start": { "line": 17, "column": 0 }, "end": { "line": 17, "column": 83 } },
      "17": { "start": { "line": 18, "column": 0 }, "end": { "line": 18, "column": 31 } },
      "18": { "start": { "line": 19, "column": 0 }, "end": { "line": 19, "column": 33 } },
      "19": { "start": { "line": 20, "column": 0 }, "end": { "line": 20, "column": 34 } },
      "20": { "start": { "line": 21, "column": 0 }, "end": { "line": 21, "column": 53 } },
      "21": { "start": { "line": 22, "column": 0 }, "end": { "line": 22, "column": 86 } },
      "23": { "start": { "line": 24, "column": 0 }, "end": { "line": 24, "column": 10 } },
      "24": { "start": { "line": 25, "column": 0 }, "end": { "line": 25, "column": 67 } },
      "25": { "start": { "line": 26, "column": 0 }, "end": { "line": 26, "column": 47 } },
      "26": { "start": { "line": 27, "column": 0 }, "end": { "line": 27, "column": 85 } },
      "27": { "start": { "line": 28, "column": 0 }, "end": { "line": 28, "column": 25 } },
      "28": { "start": { "line": 29, "column": 0 }, "end": { "line": 29, "column": 73 } },
      "29": { "start": { "line": 30, "column": 0 }, "end": { "line": 30, "column": 71 } },
      "30": { "start": { "line": 31, "column": 0 }, "end": { "line": 31, "column": 12 } },
      "31": { "start": { "line": 32, "column": 0 }, "end": { "line": 32, "column": 10 } },
      "33": { "start": { "line": 34, "column": 0 }, "end": { "line": 34, "column": 1 } }
    },
    "s": {
      "0": 1,
      "2": 1,
      "3": 1,
      "5": 1,
      "6": 1,
      "7": 1,
      "8": 1,
      "16": 1,
      "17": 33,
      "18": 33,
      "19": 33,
      "20": 33,
      "21": 33,
      "23": 33,
      "24": 33,
      "25": 33,
      "26": 33,
      "27": 33,
      "28": 33,
      "29": 33,
      "30": 33,
      "31": 33,
      "33": 33
    },
    "branchMap": {
      "0": {
        "type": "branch",
        "line": 17,
        "loc": { "start": { "line": 17, "column": 7 }, "end": { "line": 34, "column": 1 } },
        "locations": [{ "start": { "line": 17, "column": 7 }, "end": { "line": 34, "column": 1 } }]
      },
      "1": {
        "type": "branch",
        "line": 21,
        "loc": { "start": { "line": 21, "column": 32 }, "end": { "line": 21, "column": 48 } },
        "locations": [
          { "start": { "line": 21, "column": 32 }, "end": { "line": 21, "column": 48 } }
        ]
      },
      "2": {
        "type": "branch",
        "line": 22,
        "loc": { "start": { "line": 22, "column": 24 }, "end": { "line": 22, "column": 83 } },
        "locations": [
          { "start": { "line": 22, "column": 24 }, "end": { "line": 22, "column": 83 } }
        ]
      },
      "3": {
        "type": "branch",
        "line": 22,
        "loc": { "start": { "line": 22, "column": 68 }, "end": { "line": 22, "column": 79 } },
        "locations": [
          { "start": { "line": 22, "column": 68 }, "end": { "line": 22, "column": 79 } }
        ]
      },
      "4": {
        "type": "branch",
        "line": 22,
        "loc": { "start": { "line": 22, "column": 79 }, "end": { "line": 22, "column": 86 } },
        "locations": [
          { "start": { "line": 22, "column": 79 }, "end": { "line": 22, "column": 86 } }
        ]
      }
    },
    "b": { "0": [33], "1": [0], "2": [4], "3": [0], "4": [29] },
    "fnMap": {
      "0": {
        "name": "Dashboard",
        "decl": { "start": { "line": 17, "column": 7 }, "end": { "line": 34, "column": 1 } },
        "loc": { "start": { "line": 17, "column": 7 }, "end": { "line": 34, "column": 1 } },
        "line": 17
      }
    },
    "f": { "0": 33 }
  },
  "/home/kboshold/workspace/private/zaps/src/components/ErrorSubRow.tsx": {
    "path": "/home/kboshold/workspace/private/zaps/src/components/ErrorSubRow.tsx",
    "all": false,
    "statementMap": {
      "0": { "start": { "line": 1, "column": 0 }, "end": { "line": 1, "column": 32 } },
      "2": { "start": { "line": 3, "column": 0 }, "end": { "line": 3, "column": 59 } },
      "3": { "start": { "line": 4, "column": 0 }, "end": { "line": 4, "column": 10 } },
      "4": { "start": { "line": 5, "column": 0 }, "end": { "line": 5, "column": 24 } },
      "5": { "start": { "line": 6, "column": 0 }, "end": { "line": 6, "column": 44 } },
      "6": { "start": { "line": 7, "column": 0 }, "end": { "line": 7, "column": 10 } },
      "8": { "start": { "line": 9, "column": 0 }, "end": { "line": 9, "column": 1 } }
    },
    "s": { "0": 1, "2": 1, "3": 1, "4": 1, "5": 1, "6": 1, "8": 1 },
    "branchMap": {
      "0": {
        "type": "branch",
        "line": 3,
        "loc": { "start": { "line": 3, "column": 7 }, "end": { "line": 9, "column": 1 } },
        "locations": [{ "start": { "line": 3, "column": 7 }, "end": { "line": 9, "column": 1 } }]
      }
    },
    "b": { "0": [1] },
    "fnMap": {
      "0": {
        "name": "ErrorSubRow",
        "decl": { "start": { "line": 3, "column": 7 }, "end": { "line": 9, "column": 1 } },
        "loc": { "start": { "line": 3, "column": 7 }, "end": { "line": 9, "column": 1 } },
        "line": 3
      }
    },
    "f": { "0": 1 }
  },
  "/home/kboshold/workspace/private/zaps/src/components/Header.tsx": {
    "path": "/home/kboshold/workspace/private/zaps/src/components/Header.tsx",
    "all": false,
    "statementMap": {
      "1": { "start": { "line": 2, "column": 0 }, "end": { "line": 2, "column": 32 } },
      "3": { "start": { "line": 4, "column": 0 }, "end": { "line": 4, "column": 43 } },
      "11": { "start": { "line": 12, "column": 0 }, "end": { "line": 12, "column": 71 } },
      "12": { "start": { "line": 13, "column": 0 }, "end": { "line": 13, "column": 10 } },
      "13": { "start": { "line": 14, "column": 0 }, "end": { "line": 14, "column": 32 } },
      "14": { "start": { "line": 15, "column": 0 }, "end": { "line": 15, "column": 65 } },
      "15": { "start": { "line": 16, "column": 0 }, "end": { "line": 16, "column": 47 } },
      "16": { "start": { "line": 17, "column": 0 }, "end": { "line": 17, "column": 10 } },
      "18": { "start": { "line": 19, "column": 0 }, "end": { "line": 19, "column": 1 } }
    },
    "s": { "1": 1, "3": 1, "11": 1, "12": 51, "13": 51, "14": 51, "15": 51, "16": 51, "18": 51 },
    "branchMap": {
      "0": {
        "type": "branch",
        "line": 12,
        "loc": { "start": { "line": 12, "column": 7 }, "end": { "line": 19, "column": 1 } },
        "locations": [{ "start": { "line": 12, "column": 7 }, "end": { "line": 19, "column": 1 } }]
      }
    },
    "b": { "0": [51] },
    "fnMap": {
      "0": {
        "name": "Header",
        "decl": { "start": { "line": 12, "column": 7 }, "end": { "line": 19, "column": 1 } },
        "loc": { "start": { "line": 12, "column": 7 }, "end": { "line": 19, "column": 1 } },
        "line": 12
      }
    },
    "f": { "0": 51 }
  },
  "/home/kboshold/workspace/private/zaps/src/components/HeaderRow.tsx": {
    "path": "/home/kboshold/workspace/private/zaps/src/components/HeaderRow.tsx",
    "all": false,
    "statementMap": {
      "1": { "start": { "line": 2, "column": 0 }, "end": { "line": 2, "column": 32 } },
      "3": { "start": { "line": 4, "column": 0 }, "end": { "line": 4, "column": 51 } },
      "10": { "start": { "line": 11, "column": 0 }, "end": { "line": 11, "column": 70 } },
      "11": { "start": { "line": 12, "column": 0 }, "end": { "line": 12, "column": 10 } },
      "12": { "start": { "line": 13, "column": 0 }, "end": { "line": 13, "column": 9 } },
      "13": { "start": { "line": 14, "column": 0 }, "end": { "line": 14, "column": 30 } },
      "14": { "start": { "line": 15, "column": 0 }, "end": { "line": 15, "column": 20 } },
      "15": { "start": { "line": 16, "column": 0 }, "end": { "line": 16, "column": 13 } },
      "16": { "start": { "line": 17, "column": 0 }, "end": { "line": 17, "column": 37 } },
      "17": { "start": { "line": 18, "column": 0 }, "end": { "line": 18, "column": 50 } },
      "18": { "start": { "line": 19, "column": 0 }, "end": { "line": 19, "column": 45 } },
      "19": { "start": { "line": 20, "column": 0 }, "end": { "line": 20, "column": 12 } },
      "20": { "start": { "line": 21, "column": 0 }, "end": { "line": 21, "column": 10 } },
      "22": { "start": { "line": 23, "column": 0 }, "end": { "line": 23, "column": 1 } }
    },
    "s": {
      "1": 1,
      "3": 1,
      "10": 1,
      "11": 51,
      "12": 51,
      "13": 51,
      "14": 51,
      "15": 51,
      "16": 51,
      "17": 51,
      "18": 51,
      "19": 51,
      "20": 51,
      "22": 51
    },
    "branchMap": {
      "0": {
        "type": "branch",
        "line": 11,
        "loc": { "start": { "line": 11, "column": 7 }, "end": { "line": 23, "column": 1 } },
        "locations": [{ "start": { "line": 11, "column": 7 }, "end": { "line": 23, "column": 1 } }]
      }
    },
    "b": { "0": [51] },
    "fnMap": {
      "0": {
        "name": "HeaderRow",
        "decl": { "start": { "line": 11, "column": 7 }, "end": { "line": 23, "column": 1 } },
        "loc": { "start": { "line": 11, "column": 7 }, "end": { "line": 23, "column": 1 } },
        "line": 11
      }
    },
    "f": { "0": 51 }
  },
  "/home/kboshold/workspace/private/zaps/src/components/HelpBar.tsx": {
    "path": "/home/kboshold/workspace/private/zaps/src/components/HelpBar.tsx",
    "all": false,
    "statementMap": {
      "1": { "start": { "line": 2, "column": 0 }, "end": { "line": 2, "column": 32 } },
      "8": { "start": { "line": 9, "column": 0 }, "end": { "line": 9, "column": 69 } },
      "9": { "start": { "line": 10, "column": 0 }, "end": { "line": 10, "column": 35 } },
      "10": { "start": { "line": 11, "column": 0 }, "end": { "line": 11, "column": 72 } },
      "11": { "start": { "line": 12, "column": 0 }, "end": { "line": 12, "column": 12 } },
      "12": { "start": { "line": 13, "column": 0 }, "end": { "line": 13, "column": 25 } },
      "13": { "start": { "line": 14, "column": 0 }, "end": { "line": 14, "column": 78 } },
      "14": { "start": { "line": 15, "column": 0 }, "end": { "line": 15, "column": 12 } },
      "16": { "start": { "line": 17, "column": 0 }, "end": { "line": 17, "column": 3 } },
      "18": { "start": { "line": 19, "column": 0 }, "end": { "line": 19, "column": 10 } },
      "19": { "start": { "line": 20, "column": 0 }, "end": { "line": 20, "column": 23 } },
      "20": { "start": { "line": 21, "column": 0 }, "end": { "line": 21, "column": 56 } },
      "21": { "start": { "line": 22, "column": 0 }, "end": { "line": 22, "column": 10 } },
      "23": { "start": { "line": 24, "column": 0 }, "end": { "line": 24, "column": 1 } }
    },
    "s": {
      "1": 1,
      "8": 1,
      "9": 37,
      "10": 6,
      "11": 6,
      "12": 6,
      "13": 6,
      "14": 6,
      "16": 6,
      "18": 31,
      "19": 31,
      "20": 31,
      "21": 31,
      "23": 31
    },
    "branchMap": {
      "0": {
        "type": "branch",
        "line": 9,
        "loc": { "start": { "line": 9, "column": 7 }, "end": { "line": 24, "column": 1 } },
        "locations": [{ "start": { "line": 9, "column": 7 }, "end": { "line": 24, "column": 1 } }]
      },
      "1": {
        "type": "branch",
        "line": 10,
        "loc": { "start": { "line": 10, "column": 6 }, "end": { "line": 10, "column": 34 } },
        "locations": [{ "start": { "line": 10, "column": 6 }, "end": { "line": 10, "column": 34 } }]
      },
      "2": {
        "type": "branch",
        "line": 10,
        "loc": { "start": { "line": 10, "column": 34 }, "end": { "line": 24, "column": 1 } },
        "locations": [{ "start": { "line": 10, "column": 34 }, "end": { "line": 24, "column": 1 } }]
      },
      "3": {
        "type": "branch",
        "line": 10,
        "loc": { "start": { "line": 10, "column": 34 }, "end": { "line": 17, "column": 3 } },
        "locations": [{ "start": { "line": 10, "column": 34 }, "end": { "line": 17, "column": 3 } }]
      },
      "4": {
        "type": "branch",
        "line": 17,
        "loc": { "start": { "line": 17, "column": 2 }, "end": { "line": 24, "column": 1 } },
        "locations": [{ "start": { "line": 17, "column": 2 }, "end": { "line": 24, "column": 1 } }]
      },
      "5": {
        "type": "branch",
        "line": 11,
        "loc": { "start": { "line": 11, "column": 36 }, "end": { "line": 11, "column": 70 } },
        "locations": [
          { "start": { "line": 11, "column": 36 }, "end": { "line": 11, "column": 70 } }
        ]
      }
    },
    "b": { "0": [37], "1": [6], "2": [35], "3": [6], "4": [31], "5": [7] },
    "fnMap": {
      "0": {
        "name": "HelpBar",
        "decl": { "start": { "line": 9, "column": 7 }, "end": { "line": 24, "column": 1 } },
        "loc": { "start": { "line": 9, "column": 7 }, "end": { "line": 24, "column": 1 } },
        "line": 9
      }
    },
    "f": { "0": 37 }
  },
  "/home/kboshold/workspace/private/zaps/src/components/LogView.tsx": {
    "path": "/home/kboshold/workspace/private/zaps/src/components/LogView.tsx",
    "all": false,
    "statementMap": {
      "0": { "start": { "line": 1, "column": 0 }, "end": { "line": 1, "column": 43 } },
      "2": { "start": { "line": 3, "column": 0 }, "end": { "line": 3, "column": 37 } },
      "11": { "start": { "line": 12, "column": 0 }, "end": { "line": 12, "column": 83 } },
      "12": { "start": { "line": 13, "column": 0 }, "end": { "line": 13, "column": 33 } },
      "13": { "start": { "line": 14, "column": 0 }, "end": { "line": 14, "column": 40 } },
      "14": { "start": { "line": 15, "column": 0 }, "end": { "line": 15, "column": 41 } },
      "15": { "start": { "line": 16, "column": 0 }, "end": { "line": 16, "column": 69 } },
      "17": { "start": { "line": 18, "column": 0 }, "end": { "line": 18, "column": 33 } },
      "18": { "start": { "line": 19, "column": 0 }, "end": { "line": 19, "column": 32 } },
      "19": { "start": { "line": 20, "column": 0 }, "end": { "line": 20, "column": 81 } },
      "21": { "start": { "line": 22, "column": 0 }, "end": { "line": 22, "column": 10 } },
      "22": { "start": { "line": 23, "column": 0 }, "end": { "line": 23, "column": 58 } },
      "23": { "start": { "line": 24, "column": 0 }, "end": { "line": 24, "column": 73 } },
      "24": { "start": { "line": 25, "column": 0 }, "end": { "line": 25, "column": 61 } },
      "25": { "start": { "line": 26, "column": 0 }, "end": { "line": 26, "column": 40 } },
      "27": { "start": { "line": 28, "column": 0 }, "end": { "line": 28, "column": 37 } },
      "28": { "start": { "line": 29, "column": 0 }, "end": { "line": 29, "column": 11 } },
      "29": { "start": { "line": 30, "column": 0 }, "end": { "line": 30, "column": 12 } },
      "30": { "start": { "line": 31, "column": 0 }, "end": { "line": 31, "column": 25 } },
      "31": { "start": { "line": 32, "column": 0 }, "end": { "line": 32, "column": 53 } },
      "32": { "start": { "line": 33, "column": 0 }, "end": { "line": 33, "column": 12 } },
      "33": { "start": { "line": 34, "column": 0 }, "end": { "line": 34, "column": 10 } },
      "35": { "start": { "line": 36, "column": 0 }, "end": { "line": 36, "column": 1 } }
    },
    "s": {
      "0": 1,
      "2": 1,
      "11": 1,
      "12": 8,
      "13": 8,
      "14": 8,
      "15": 8,
      "17": 8,
      "18": 7,
      "19": 1,
      "21": 8,
      "22": 8,
      "23": 8,
      "24": 8,
      "25": 8,
      "27": 44,
      "28": 8,
      "29": 8,
      "30": 8,
      "31": 8,
      "32": 8,
      "33": 8,
      "35": 8
    },
    "branchMap": {
      "0": {
        "type": "branch",
        "line": 12,
        "loc": { "start": { "line": 12, "column": 7 }, "end": { "line": 36, "column": 1 } },
        "locations": [{ "start": { "line": 12, "column": 7 }, "end": { "line": 36, "column": 1 } }]
      },
      "1": {
        "type": "branch",
        "line": 15,
        "loc": { "start": { "line": 15, "column": 27 }, "end": { "line": 15, "column": 41 } },
        "locations": [
          { "start": { "line": 15, "column": 27 }, "end": { "line": 15, "column": 41 } }
        ]
      },
      "2": {
        "type": "branch",
        "line": 18,
        "loc": { "start": { "line": 18, "column": 23 }, "end": { "line": 19, "column": 32 } },
        "locations": [
          { "start": { "line": 18, "column": 23 }, "end": { "line": 19, "column": 32 } }
        ]
      },
      "3": {
        "type": "branch",
        "line": 19,
        "loc": { "start": { "line": 19, "column": 31 }, "end": { "line": 20, "column": 81 } },
        "locations": [
          { "start": { "line": 19, "column": 31 }, "end": { "line": 20, "column": 81 } }
        ]
      },
      "4": {
        "type": "branch",
        "line": 20,
        "loc": { "start": { "line": 20, "column": 58 }, "end": { "line": 20, "column": 79 } },
        "locations": [
          { "start": { "line": 20, "column": 58 }, "end": { "line": 20, "column": 79 } }
        ]
      },
      "5": {
        "type": "branch",
        "line": 26,
        "loc": { "start": { "line": 26, "column": 26 }, "end": { "line": 28, "column": 37 } },
        "locations": [
          { "start": { "line": 26, "column": 26 }, "end": { "line": 28, "column": 37 } }
        ]
      }
    },
    "b": { "0": [8], "1": [0], "2": [7], "3": [1], "4": [0], "5": [44] },
    "fnMap": {
      "0": {
        "name": "LogView",
        "decl": { "start": { "line": 12, "column": 7 }, "end": { "line": 36, "column": 1 } },
        "loc": { "start": { "line": 12, "column": 7 }, "end": { "line": 36, "column": 1 } },
        "line": 12
      }
    },
    "f": { "0": 8 }
  },
  "/home/kboshold/workspace/private/zaps/src/components/Router.tsx": {
    "path": "/home/kboshold/workspace/private/zaps/src/components/Router.tsx",
    "all": false,
    "statementMap": {
      "2": { "start": { "line": 3, "column": 0 }, "end": { "line": 3, "column": 46 } },
      "4": { "start": { "line": 5, "column": 0 }, "end": { "line": 5, "column": 48 } },
      "5": { "start": { "line": 6, "column": 0 }, "end": { "line": 6, "column": 52 } },
      "6": { "start": { "line": 7, "column": 0 }, "end": { "line": 7, "column": 58 } },
      "7": { "start": { "line": 8, "column": 0 }, "end": { "line": 8, "column": 68 } },
      "8": { "start": { "line": 9, "column": 0 }, "end": { "line": 9, "column": 56 } },
      "9": { "start": { "line": 10, "column": 0 }, "end": { "line": 10, "column": 48 } },
      "11": { "start": { "line": 12, "column": 0 }, "end": { "line": 12, "column": 61 } },
      "13": { "start": { "line": 14, "column": 0 }, "end": { "line": 14, "column": 52 } },
      "14": { "start": { "line": 15, "column": 0 }, "end": { "line": 15, "column": 41 } },
      "16": { "start": { "line": 17, "column": 0 }, "end": { "line": 17, "column": 43 } },
      "17": { "start": { "line": 18, "column": 0 }, "end": { "line": 18, "column": 39 } },
      "18": { "start": { "line": 19, "column": 0 }, "end": { "line": 19, "column": 43 } },
      "20": { "start": { "line": 21, "column": 0 }, "end": { "line": 21, "column": 47 } },
      "21": { "start": { "line": 22, "column": 0 }, "end": { "line": 22, "column": 20 } },
      "22": { "start": { "line": 23, "column": 0 }, "end": { "line": 23, "column": 11 } },
      "23": { "start": { "line": 24, "column": 0 }, "end": { "line": 24, "column": 3 } },
      "25": { "start": { "line": 26, "column": 0 }, "end": { "line": 26, "column": 25 } },
      "28": { "start": { "line": 29, "column": 0 }, "end": { "line": 29, "column": 14 } },
      "29": { "start": { "line": 30, "column": 0 }, "end": { "line": 30, "column": 19 } },
      "30": { "start": { "line": 31, "column": 0 }, "end": { "line": 31, "column": 38 } },
      "31": { "start": { "line": 32, "column": 0 }, "end": { "line": 32, "column": 4 } },
      "32": { "start": { "line": 33, "column": 0 }, "end": { "line": 33, "column": 17 } },
      "33": { "start": { "line": 34, "column": 0 }, "end": { "line": 34, "column": 70 } },
      "34": { "start": { "line": 35, "column": 0 }, "end": { "line": 35, "column": 27 } },
      "35": { "start": { "line": 36, "column": 0 }, "end": { "line": 36, "column": 18 } },
      "36": { "start": { "line": 37, "column": 0 }, "end": { "line": 37, "column": 6 } },
      "37": { "start": { "line": 38, "column": 0 }, "end": { "line": 38, "column": 18 } },
      "39": { "start": { "line": 40, "column": 0 }, "end": { "line": 40, "column": 7 } },
      "40": { "start": { "line": 41, "column": 0 }, "end": { "line": 41, "column": 1 } },
      "42": { "start": { "line": 43, "column": 0 }, "end": { "line": 43, "column": 30 } },
      "43": { "start": { "line": 44, "column": 0 }, "end": { "line": 44, "column": 16 } },
      "44": { "start": { "line": 45, "column": 0 }, "end": { "line": 45, "column": 11 } },
      "45": { "start": { "line": 46, "column": 0 }, "end": { "line": 46, "column": 8 } },
      "59": { "start": { "line": 60, "column": 0 }, "end": { "line": 60, "column": 3 } },
      "60": { "start": { "line": 61, "column": 0 }, "end": { "line": 61, "column": 20 } },
      "61": { "start": { "line": 62, "column": 0 }, "end": { "line": 62, "column": 17 } },
      "62": { "start": { "line": 63, "column": 0 }, "end": { "line": 63, "column": 3 } },
      "63": { "start": { "line": 64, "column": 0 }, "end": { "line": 64, "column": 22 } },
      "64": { "start": { "line": 65, "column": 0 }, "end": { "line": 65, "column": 19 } },
      "65": { "start": { "line": 66, "column": 0 }, "end": { "line": 66, "column": 3 } },
      "66": { "start": { "line": 67, "column": 0 }, "end": { "line": 67, "column": 73 } },
      "67": { "start": { "line": 68, "column": 0 }, "end": { "line": 68, "column": 31 } },
      "69": { "start": { "line": 70, "column": 0 }, "end": { "line": 70, "column": 66 } },
      "70": { "start": { "line": 71, "column": 0 }, "end": { "line": 71, "column": 34 } },
      "71": { "start": { "line": 72, "column": 0 }, "end": { "line": 72, "column": 7 } },
      "72": { "start": { "line": 73, "column": 0 }, "end": { "line": 73, "column": 3 } },
      "73": { "start": { "line": 74, "column": 0 }, "end": { "line": 74, "column": 73 } },
      "74": { "start": { "line": 75, "column": 0 }, "end": { "line": 75, "column": 31 } },
      "76": { "start": { "line": 77, "column": 0 }, "end": { "line": 77, "column": 65 } },
      "77": { "start": { "line": 78, "column": 0 }, "end": { "line": 78, "column": 34 } },
      "78": { "start": { "line": 79, "column": 0 }, "end": { "line": 79, "column": 7 } },
      "79": { "start": { "line": 80, "column": 0 }, "end": { "line": 80, "column": 3 } },
      "80": { "start": { "line": 81, "column": 0 }, "end": { "line": 81, "column": 49 } },
      "81": { "start": { "line": 82, "column": 0 }, "end": { "line": 82, "column": 47 } },
      "82": { "start": { "line": 83, "column": 0 }, "end": { "line": 83, "column": 3 } },
      "83": { "start": { "line": 84, "column": 0 }, "end": { "line": 84, "column": 49 } },
      "84": { "start": { "line": 85, "column": 0 }, "end": { "line": 85, "column": 43 } },
      "85": { "start": { "line": 86, "column": 0 }, "end": { "line": 86, "column": 3 } },
      "86": { "start": { "line": 87, "column": 0 }, "end": { "line": 87, "column": 22 } },
      "87": { "start": { "line": 88, "column": 0 }, "end": { "line": 88, "column": 31 } },
      "88": { "start": { "line": 89, "column": 0 }, "end": { "line": 89, "column": 26 } },
      "89": { "start": { "line": 90, "column": 0 }, "end": { "line": 90, "column": 12 } },
      "90": { "start": { "line": 91, "column": 0 }, "end": { "line": 91, "column": 22 } },
      "91": { "start": { "line": 92, "column": 0 }, "end": { "line": 92, "column": 5 } },
      "92": { "start": { "line": 93, "column": 0 }, "end": { "line": 93, "column": 3 } },
      "93": { "start": { "line": 94, "column": 0 }, "end": { "line": 94, "column": 46 } },
      "94": { "start": { "line": 95, "column": 0 }, "end": { "line": 95, "column": 31 } },
      "96": { "start": { "line": 97, "column": 0 }, "end": { "line": 97, "column": 41 } },
      "97": { "start": { "line": 98, "column": 0 }, "end": { "line": 98, "column": 34 } },
      "98": { "start": { "line": 99, "column": 0 }, "end": { "line": 99, "column": 7 } },
      "99": { "start": { "line": 100, "column": 0 }, "end": { "line": 100, "column": 3 } },
      "100": { "start": { "line": 101, "column": 0 }, "end": { "line": 101, "column": 1 } },
      "102": { "start": { "line": 103, "column": 0 }, "end": { "line": 103, "column": 25 } },
      "103": { "start": { "line": 104, "column": 0 }, "end": { "line": 104, "column": 11 } },
      "104": { "start": { "line": 105, "column": 0 }, "end": { "line": 105, "column": 83 } },
      "105": { "start": { "line": 106, "column": 0 }, "end": { "line": 106, "column": 3 } },
      "106": { "start": { "line": 107, "column": 0 }, "end": { "line": 107, "column": 19 } },
      "107": { "start": { "line": 108, "column": 0 }, "end": { "line": 108, "column": 24 } },
      "108": { "start": { "line": 109, "column": 0 }, "end": { "line": 109, "column": 3 } },
      "109": { "start": { "line": 110, "column": 0 }, "end": { "line": 110, "column": 20 } },
      "110": { "start": { "line": 111, "column": 0 }, "end": { "line": 111, "column": 19 } },
      "111": { "start": { "line": 112, "column": 0 }, "end": { "line": 112, "column": 3 } },
      "112": { "start": { "line": 113, "column": 0 }, "end": { "line": 113, "column": 22 } },
      "113": { "start": { "line": 114, "column": 0 }, "end": { "line": 114, "column": 21 } },
      "114": { "start": { "line": 115, "column": 0 }, "end": { "line": 115, "column": 3 } },
      "115": { "start": { "line": 116, "column": 0 }, "end": { "line": 116, "column": 1 } },
      "117": { "start": { "line": 118, "column": 0 }, "end": { "line": 118, "column": 26 } },
      "118": { "start": { "line": 119, "column": 0 }, "end": { "line": 119, "column": 11 } },
      "119": { "start": { "line": 120, "column": 0 }, "end": { "line": 120, "column": 8 } },
      "125": { "start": { "line": 126, "column": 0 }, "end": { "line": 126, "column": 3 } },
      "126": { "start": { "line": 127, "column": 0 }, "end": { "line": 127, "column": 19 } },
      "127": { "start": { "line": 128, "column": 0 }, "end": { "line": 128, "column": 24 } },
      "128": { "start": { "line": 129, "column": 0 }, "end": { "line": 129, "column": 3 } },
      "129": { "start": { "line": 130, "column": 0 }, "end": { "line": 130, "column": 20 } },
      "130": { "start": { "line": 131, "column": 0 }, "end": { "line": 131, "column": 17 } },
      "131": { "start": { "line": 132, "column": 0 }, "end": { "line": 132, "column": 3 } },
      "132": { "start": { "line": 133, "column": 0 }, "end": { "line": 133, "column": 22 } },
      "133": { "start": { "line": 134, "column": 0 }, "end": { "line": 134, "column": 19 } },
      "134": { "start": { "line": 135, "column": 0 }, "end": { "line": 135, "column": 3 } },
      "135": { "start": { "line": 136, "column": 0 }, "end": { "line": 136, "column": 19 } },
      "136": { "start": { "line": 137, "column": 0 }, "end": { "line": 137, "column": 36 } },
      "137": { "start": { "line": 138, "column": 0 }, "end": { "line": 138, "column": 3 } },
      "138": { "start": { "line": 139, "column": 0 }, "end": { "line": 139, "column": 1 } },
      "140": { "start": { "line": 141, "column": 0 }, "end": { "line": 141, "column": 30 } },
      "141": { "start": { "line": 142, "column": 0 }, "end": { "line": 142, "column": 16 } },
      "142": { "start": { "line": 143, "column": 0 }, "end": { "line": 143, "column": 11 } },
      "143": { "start": { "line": 144, "column": 0 }, "end": { "line": 144, "column": 8 } },
      "151": { "start": { "line": 152, "column": 0 }, "end": { "line": 152, "column": 3 } },
      "152": { "start": { "line": 153, "column": 0 }, "end": { "line": 153, "column": 19 } },
      "153": { "start": { "line": 154, "column": 0 }, "end": { "line": 154, "column": 24 } },
      "154": { "start": { "line": 155, "column": 0 }, "end": { "line": 155, "column": 11 } },
      "155": { "start": { "line": 156, "column": 0 }, "end": { "line": 156, "column": 3 } },
      "156": { "start": { "line": 157, "column": 0 }, "end": { "line": 157, "column": 19 } },
      "157": { "start": { "line": 158, "column": 0 }, "end": { "line": 158, "column": 20 } },
      "158": { "start": { "line": 159, "column": 0 }, "end": { "line": 159, "column": 11 } },
      "159": { "start": { "line": 160, "column": 0 }, "end": { "line": 160, "column": 3 } },
      "162": { "start": { "line": 163, "column": 0 }, "end": { "line": 163, "column": 70 } },
      "163": { "start": { "line": 164, "column": 0 }, "end": { "line": 164, "column": 16 } },
      "165": { "start": { "line": 166, "column": 0 }, "end": { "line": 166, "column": 84 } },
      "166": { "start": { "line": 167, "column": 0 }, "end": { "line": 167, "column": 21 } },
      "167": { "start": { "line": 168, "column": 0 }, "end": { "line": 168, "column": 24 } },
      "168": { "start": { "line": 169, "column": 0 }, "end": { "line": 169, "column": 38 } },
      "169": { "start": { "line": 170, "column": 0 }, "end": { "line": 170, "column": 22 } },
      "170": { "start": { "line": 171, "column": 0 }, "end": { "line": 171, "column": 13 } },
      "171": { "start": { "line": 172, "column": 0 }, "end": { "line": 172, "column": 5 } },
      "172": { "start": { "line": 173, "column": 0 }, "end": { "line": 173, "column": 3 } },
      "175": { "start": { "line": 176, "column": 0 }, "end": { "line": 176, "column": 18 } },
      "176": { "start": { "line": 177, "column": 0 }, "end": { "line": 177, "column": 1 } },
      "178": { "start": { "line": 179, "column": 0 }, "end": { "line": 179, "column": 26 } },
      "179": { "start": { "line": 180, "column": 0 }, "end": { "line": 180, "column": 93 } },
      "180": { "start": { "line": 181, "column": 0 }, "end": { "line": 181, "column": 49 } },
      "181": { "start": { "line": 182, "column": 0 }, "end": { "line": 182, "column": 40 } },
      "182": { "start": { "line": 183, "column": 0 }, "end": { "line": 183, "column": 69 } },
      "185": { "start": { "line": 186, "column": 0 }, "end": { "line": 186, "column": 65 } },
      "186": { "start": { "line": 187, "column": 0 }, "end": { "line": 187, "column": 19 } },
      "187": { "start": { "line": 188, "column": 0 }, "end": { "line": 188, "column": 85 } },
      "188": { "start": { "line": 189, "column": 0 }, "end": { "line": 189, "column": 72 } },
      "190": { "start": { "line": 191, "column": 0 }, "end": { "line": 191, "column": 31 } },
      "191": { "start": { "line": 192, "column": 0 }, "end": { "line": 192, "column": 32 } },
      "194": { "start": { "line": 195, "column": 0 }, "end": { "line": 195, "column": 72 } },
      "195": { "start": { "line": 196, "column": 0 }, "end": { "line": 196, "column": 9 } },
      "196": { "start": { "line": 197, "column": 0 }, "end": { "line": 197, "column": 20 } },
      "197": { "start": { "line": 198, "column": 0 }, "end": { "line": 198, "column": 30 } },
      "198": { "start": { "line": 199, "column": 0 }, "end": { "line": 199, "column": 22 } },
      "199": { "start": { "line": 200, "column": 0 }, "end": { "line": 200, "column": 13 } },
      "200": { "start": { "line": 201, "column": 0 }, "end": { "line": 201, "column": 15 } },
      "201": { "start": { "line": 202, "column": 0 }, "end": { "line": 202, "column": 29 } },
      "204": { "start": { "line": 205, "column": 0 }, "end": { "line": 205, "column": 50 } },
      "207": { "start": { "line": 208, "column": 0 }, "end": { "line": 208, "column": 69 } },
      "208": { "start": { "line": 209, "column": 0 }, "end": { "line": 209, "column": 52 } },
      "210": { "start": { "line": 211, "column": 0 }, "end": { "line": 211, "column": 28 } },
      "212": { "start": { "line": 213, "column": 0 }, "end": { "line": 213, "column": 24 } },
      "213": { "start": { "line": 214, "column": 0 }, "end": { "line": 214, "column": 28 } },
      "214": { "start": { "line": 215, "column": 0 }, "end": { "line": 215, "column": 15 } },
      "215": { "start": { "line": 216, "column": 0 }, "end": { "line": 216, "column": 7 } },
      "216": { "start": { "line": 217, "column": 0 }, "end": { "line": 217, "column": 29 } },
      "217": { "start": { "line": 218, "column": 0 }, "end": { "line": 218, "column": 13 } },
      "218": { "start": { "line": 219, "column": 0 }, "end": { "line": 219, "column": 18 } },
      "219": { "start": { "line": 220, "column": 0 }, "end": { "line": 220, "column": 22 } },
      "221": { "start": { "line": 222, "column": 0 }, "end": { "line": 222, "column": 10 } },
      "222": { "start": { "line": 223, "column": 0 }, "end": { "line": 223, "column": 24 } },
      "223": { "start": { "line": 224, "column": 0 }, "end": { "line": 224, "column": 17 } },
      "224": { "start": { "line": 225, "column": 0 }, "end": { "line": 225, "column": 11 } },
      "225": { "start": { "line": 226, "column": 0 }, "end": { "line": 226, "column": 13 } },
      "226": { "start": { "line": 227, "column": 0 }, "end": { "line": 227, "column": 5 } },
      "228": { "start": { "line": 229, "column": 0 }, "end": { "line": 229, "column": 31 } },
      "229": { "start": { "line": 230, "column": 0 }, "end": { "line": 230, "column": 40 } },
      "230": { "start": { "line": 231, "column": 0 }, "end": { "line": 231, "column": 17 } },
      "231": { "start": { "line": 232, "column": 0 }, "end": { "line": 232, "column": 14 } },
      "232": { "start": { "line": 233, "column": 0 }, "end": { "line": 233, "column": 16 } },
      "233": { "start": { "line": 234, "column": 0 }, "end": { "line": 234, "column": 15 } },
      "234": { "start": { "line": 235, "column": 0 }, "end": { "line": 235, "column": 17 } },
      "235": { "start": { "line": 236, "column": 0 }, "end": { "line": 236, "column": 16 } },
      "236": { "start": { "line": 237, "column": 0 }, "end": { "line": 237, "column": 15 } },
      "237": { "start": { "line": 238, "column": 0 }, "end": { "line": 238, "column": 19 } },
      "238": { "start": { "line": 239, "column": 0 }, "end": { "line": 239, "column": 17 } },
      "239": { "start": { "line": 240, "column": 0 }, "end": { "line": 240, "column": 18 } },
      "240": { "start": { "line": 241, "column": 0 }, "end": { "line": 241, "column": 22 } },
      "241": { "start": { "line": 242, "column": 0 }, "end": { "line": 242, "column": 25 } },
      "242": { "start": { "line": 243, "column": 0 }, "end": { "line": 243, "column": 9 } },
      "243": { "start": { "line": 244, "column": 0 }, "end": { "line": 244, "column": 5 } },
      "245": { "start": { "line": 246, "column": 0 }, "end": { "line": 246, "column": 26 } },
      "246": { "start": { "line": 247, "column": 0 }, "end": { "line": 247, "column": 68 } },
      "247": { "start": { "line": 248, "column": 0 }, "end": { "line": 248, "column": 5 } },
      "249": { "start": { "line": 250, "column": 0 }, "end": { "line": 250, "column": 27 } },
      "250": { "start": { "line": 251, "column": 0 }, "end": { "line": 251, "column": 80 } },
      "251": { "start": { "line": 252, "column": 0 }, "end": { "line": 252, "column": 5 } },
      "253": { "start": { "line": 254, "column": 0 }, "end": { "line": 254, "column": 32 } },
      "254": { "start": { "line": 255, "column": 0 }, "end": { "line": 255, "column": 40 } },
      "255": { "start": { "line": 256, "column": 0 }, "end": { "line": 256, "column": 22 } },
      "256": { "start": { "line": 257, "column": 0 }, "end": { "line": 257, "column": 20 } },
      "257": { "start": { "line": 258, "column": 0 }, "end": { "line": 258, "column": 17 } },
      "258": { "start": { "line": 259, "column": 0 }, "end": { "line": 259, "column": 22 } },
      "259": { "start": { "line": 260, "column": 0 }, "end": { "line": 260, "column": 18 } },
      "260": { "start": { "line": 261, "column": 0 }, "end": { "line": 261, "column": 22 } },
      "261": { "start": { "line": 262, "column": 0 }, "end": { "line": 262, "column": 9 } },
      "262": { "start": { "line": 263, "column": 0 }, "end": { "line": 263, "column": 5 } },
      "263": { "start": { "line": 264, "column": 0 }, "end": { "line": 264, "column": 5 } },
      "266": { "start": { "line": 267, "column": 0 }, "end": { "line": 267, "column": 37 } },
      "267": { "start": { "line": 268, "column": 0 }, "end": { "line": 268, "column": 12 } },
      "268": { "start": { "line": 269, "column": 0 }, "end": { "line": 269, "column": 14 } },
      "269": { "start": { "line": 270, "column": 0 }, "end": { "line": 270, "column": 31 } },
      "270": { "start": { "line": 271, "column": 0 }, "end": { "line": 271, "column": 24 } },
      "271": { "start": { "line": 272, "column": 0 }, "end": { "line": 272, "column": 34 } },
      "272": { "start": { "line": 273, "column": 0 }, "end": { "line": 273, "column": 26 } },
      "273": { "start": { "line": 274, "column": 0 }, "end": { "line": 274, "column": 8 } },
      "275": { "start": { "line": 276, "column": 0 }, "end": { "line": 276, "column": 3 } },
      "276": { "start": { "line": 277, "column": 0 }, "end": { "line": 277, "column": 25 } },
      "277": { "start": { "line": 278, "column": 0 }, "end": { "line": 278, "column": 71 } },
      "278": { "start": { "line": 279, "column": 0 }, "end": { "line": 279, "column": 3 } },
      "279": { "start": { "line": 280, "column": 0 }, "end": { "line": 280, "column": 99 } },
      "280": { "start": { "line": 281, "column": 0 }, "end": { "line": 281, "column": 1 } }
    },
    "s": {
      "2": 1,
      "4": 1,
      "5": 1,
      "6": 1,
      "7": 1,
      "8": 1,
      "9": 1,
      "11": 1,
      "13": 1,
      "14": 1,
      "16": 1,
      "17": 1,
      "18": 1,
      "20": 1,
      "21": 1,
      "22": 1,
      "23": 1,
      "25": 0,
      "28": 0,
      "29": 0,
      "30": 0,
      "31": 0,
      "32": 0,
      "33": 0,
      "34": 0,
      "35": 0,
      "36": 0,
      "37": 0,
      "39": 0,
      "40": 0,
      "42": 18,
      "43": 18,
      "44": 18,
      "45": 18,
      "59": 18,
      "60": 18,
      "61": 1,
      "62": 1,
      "63": 18,
      "64": 3,
      "65": 3,
      "66": 18,
      "67": 2,
      "69": 2,
      "70": 2,
      "71": 2,
      "72": 2,
      "73": 18,
      "74": 1,
      "76": 1,
      "77": 1,
      "78": 1,
      "79": 1,
      "80": 18,
      "81": 2,
      "82": 2,
      "83": 18,
      "84": 1,
      "85": 1,
      "86": 18,
      "87": 4,
      "88": 4,
      "89": 4,
      "90": 0,
      "91": 0,
      "92": 4,
      "93": 18,
      "94": 1,
      "96": 1,
      "97": 1,
      "98": 1,
      "99": 1,
      "100": 18,
      "102": 1,
      "103": 1,
      "104": 1,
      "105": 1,
      "106": 1,
      "107": 1,
      "108": 1,
      "109": 1,
      "110": 0,
      "111": 0,
      "112": 1,
      "113": 0,
      "114": 0,
      "115": 1,
      "117": 1,
      "118": 1,
      "119": 1,
      "125": 1,
      "126": 1,
      "127": 1,
      "128": 1,
      "129": 1,
      "130": 0,
      "131": 0,
      "132": 1,
      "133": 0,
      "134": 0,
      "135": 1,
      "136": 0,
      "137": 0,
      "138": 1,
      "140": 3,
      "141": 3,
      "142": 3,
      "143": 3,
      "151": 3,
      "152": 3,
      "153": 1,
      "154": 1,
      "155": 1,
      "156": 2,
      "157": 2,
      "158": 2,
      "159": 2,
      "162": 0,
      "163": 0,
      "165": 0,
      "166": 0,
      "167": 0,
      "168": 0,
      "169": 0,
      "170": 0,
      "171": 0,
      "172": 0,
      "175": 0,
      "176": 0,
      "178": 1,
      "179": 33,
      "180": 33,
      "181": 33,
      "182": 33,
      "185": 33,
      "186": 33,
      "187": 33,
      "188": 33,
      "190": 33,
      "191": 33,
      "194": 33,
      "195": 33,
      "196": 33,
      "197": 33,
      "198": 33,
      "199": 33,
      "200": 33,
      "201": 33,
      "204": 33,
      "207": 33,
      "208": 33,
      "210": 33,
      "212": 24,
      "213": 1,
      "214": 0,
      "215": 0,
      "216": 1,
      "217": 1,
      "218": 1,
      "219": 1,
      "221": 1,
      "222": 1,
      "223": 1,
      "224": 1,
      "225": 1,
      "226": 1,
      "228": 24,
      "229": 18,
      "230": 18,
      "231": 18,
      "232": 18,
      "233": 18,
      "234": 18,
      "235": 18,
      "236": 18,
      "237": 18,
      "238": 18,
      "239": 18,
      "240": 18,
      "241": 18,
      "242": 18,
      "243": 18,
      "245": 24,
      "246": 1,
      "247": 1,
      "249": 24,
      "250": 1,
      "251": 1,
      "253": 24,
      "254": 3,
      "255": 3,
      "256": 3,
      "257": 3,
      "258": 3,
      "259": 3,
      "260": 3,
      "261": 3,
      "262": 3,
      "263": 33,
      "266": 33,
      "267": 3,
      "268": 3,
      "269": 3,
      "270": 3,
      "271": 3,
      "272": 3,
      "273": 3,
      "275": 3,
      "276": 33,
      "277": 2,
      "278": 2,
      "279": 28,
      "280": 28
    },
    "branchMap": {
      "0": {
        "type": "branch",
        "line": 21,
        "loc": { "start": { "line": 21, "column": 0 }, "end": { "line": 41, "column": 1 } },
        "locations": [{ "start": { "line": 21, "column": 0 }, "end": { "line": 41, "column": 1 } }]
      },
      "1": {
        "type": "branch",
        "line": 24,
        "loc": { "start": { "line": 24, "column": 2 }, "end": { "line": 41, "column": 1 } },
        "locations": [{ "start": { "line": 24, "column": 2 }, "end": { "line": 41, "column": 1 } }]
      },
      "2": {
        "type": "branch",
        "line": 43,
        "loc": { "start": { "line": 43, "column": 0 }, "end": { "line": 101, "column": 1 } },
        "locations": [{ "start": { "line": 43, "column": 0 }, "end": { "line": 101, "column": 1 } }]
      },
      "3": {
        "type": "branch",
        "line": 61,
        "loc": { "start": { "line": 61, "column": 19 }, "end": { "line": 63, "column": 3 } },
        "locations": [{ "start": { "line": 61, "column": 19 }, "end": { "line": 63, "column": 3 } }]
      },
      "4": {
        "type": "branch",
        "line": 64,
        "loc": { "start": { "line": 64, "column": 21 }, "end": { "line": 66, "column": 3 } },
        "locations": [{ "start": { "line": 64, "column": 21 }, "end": { "line": 66, "column": 3 } }]
      },
      "5": {
        "type": "branch",
        "line": 67,
        "loc": { "start": { "line": 67, "column": 16 }, "end": { "line": 67, "column": 50 } },
        "locations": [
          { "start": { "line": 67, "column": 16 }, "end": { "line": 67, "column": 50 } }
        ]
      },
      "6": {
        "type": "branch",
        "line": 67,
        "loc": { "start": { "line": 67, "column": 45 }, "end": { "line": 67, "column": 72 } },
        "locations": [
          { "start": { "line": 67, "column": 45 }, "end": { "line": 67, "column": 72 } }
        ]
      },
      "7": {
        "type": "branch",
        "line": 67,
        "loc": { "start": { "line": 67, "column": 72 }, "end": { "line": 73, "column": 3 } },
        "locations": [{ "start": { "line": 67, "column": 72 }, "end": { "line": 73, "column": 3 } }]
      },
      "8": {
        "type": "branch",
        "line": 74,
        "loc": { "start": { "line": 74, "column": 16 }, "end": { "line": 74, "column": 50 } },
        "locations": [
          { "start": { "line": 74, "column": 16 }, "end": { "line": 74, "column": 50 } }
        ]
      },
      "9": {
        "type": "branch",
        "line": 74,
        "loc": { "start": { "line": 74, "column": 45 }, "end": { "line": 74, "column": 72 } },
        "locations": [
          { "start": { "line": 74, "column": 45 }, "end": { "line": 74, "column": 72 } }
        ]
      },
      "10": {
        "type": "branch",
        "line": 74,
        "loc": { "start": { "line": 74, "column": 72 }, "end": { "line": 80, "column": 3 } },
        "locations": [{ "start": { "line": 74, "column": 72 }, "end": { "line": 80, "column": 3 } }]
      },
      "11": {
        "type": "branch",
        "line": 81,
        "loc": { "start": { "line": 81, "column": 16 }, "end": { "line": 81, "column": 48 } },
        "locations": [
          { "start": { "line": 81, "column": 16 }, "end": { "line": 81, "column": 48 } }
        ]
      },
      "12": {
        "type": "branch",
        "line": 81,
        "loc": { "start": { "line": 81, "column": 48 }, "end": { "line": 83, "column": 3 } },
        "locations": [{ "start": { "line": 81, "column": 48 }, "end": { "line": 83, "column": 3 } }]
      },
      "13": {
        "type": "branch",
        "line": 84,
        "loc": { "start": { "line": 84, "column": 16 }, "end": { "line": 84, "column": 48 } },
        "locations": [
          { "start": { "line": 84, "column": 16 }, "end": { "line": 84, "column": 48 } }
        ]
      },
      "14": {
        "type": "branch",
        "line": 84,
        "loc": { "start": { "line": 84, "column": 48 }, "end": { "line": 86, "column": 3 } },
        "locations": [{ "start": { "line": 84, "column": 48 }, "end": { "line": 86, "column": 3 } }]
      },
      "15": {
        "type": "branch",
        "line": 87,
        "loc": { "start": { "line": 87, "column": 21 }, "end": { "line": 93, "column": 3 } },
        "locations": [{ "start": { "line": 87, "column": 21 }, "end": { "line": 93, "column": 3 } }]
      },
      "16": {
        "type": "branch",
        "line": 90,
        "loc": { "start": { "line": 90, "column": 4 }, "end": { "line": 92, "column": 5 } },
        "locations": [{ "start": { "line": 90, "column": 4 }, "end": { "line": 92, "column": 5 } }]
      },
      "17": {
        "type": "branch",
        "line": 94,
        "loc": { "start": { "line": 94, "column": 16 }, "end": { "line": 94, "column": 45 } },
        "locations": [
          { "start": { "line": 94, "column": 16 }, "end": { "line": 94, "column": 45 } }
        ]
      },
      "18": {
        "type": "branch",
        "line": 94,
        "loc": { "start": { "line": 94, "column": 45 }, "end": { "line": 100, "column": 3 } },
        "locations": [
          { "start": { "line": 94, "column": 45 }, "end": { "line": 100, "column": 3 } }
        ]
      },
      "19": {
        "type": "branch",
        "line": 70,
        "loc": { "start": { "line": 70, "column": 59 }, "end": { "line": 72, "column": 5 } },
        "locations": [{ "start": { "line": 70, "column": 59 }, "end": { "line": 72, "column": 5 } }]
      },
      "20": {
        "type": "branch",
        "line": 77,
        "loc": { "start": { "line": 77, "column": 58 }, "end": { "line": 79, "column": 5 } },
        "locations": [{ "start": { "line": 77, "column": 58 }, "end": { "line": 79, "column": 5 } }]
      },
      "21": {
        "type": "branch",
        "line": 97,
        "loc": { "start": { "line": 97, "column": 34 }, "end": { "line": 99, "column": 5 } },
        "locations": [{ "start": { "line": 97, "column": 34 }, "end": { "line": 99, "column": 5 } }]
      },
      "22": {
        "type": "branch",
        "line": 103,
        "loc": { "start": { "line": 103, "column": 0 }, "end": { "line": 116, "column": 1 } },
        "locations": [
          { "start": { "line": 103, "column": 0 }, "end": { "line": 116, "column": 1 } }
        ]
      },
      "23": {
        "type": "branch",
        "line": 110,
        "loc": { "start": { "line": 110, "column": 19 }, "end": { "line": 112, "column": 3 } },
        "locations": [
          { "start": { "line": 110, "column": 19 }, "end": { "line": 112, "column": 3 } }
        ]
      },
      "24": {
        "type": "branch",
        "line": 113,
        "loc": { "start": { "line": 113, "column": 21 }, "end": { "line": 115, "column": 3 } },
        "locations": [
          { "start": { "line": 113, "column": 21 }, "end": { "line": 115, "column": 3 } }
        ]
      },
      "25": {
        "type": "branch",
        "line": 118,
        "loc": { "start": { "line": 118, "column": 0 }, "end": { "line": 139, "column": 1 } },
        "locations": [
          { "start": { "line": 118, "column": 0 }, "end": { "line": 139, "column": 1 } }
        ]
      },
      "26": {
        "type": "branch",
        "line": 130,
        "loc": { "start": { "line": 130, "column": 19 }, "end": { "line": 132, "column": 3 } },
        "locations": [
          { "start": { "line": 130, "column": 19 }, "end": { "line": 132, "column": 3 } }
        ]
      },
      "27": {
        "type": "branch",
        "line": 133,
        "loc": { "start": { "line": 133, "column": 21 }, "end": { "line": 135, "column": 3 } },
        "locations": [
          { "start": { "line": 133, "column": 21 }, "end": { "line": 135, "column": 3 } }
        ]
      },
      "28": {
        "type": "branch",
        "line": 136,
        "loc": { "start": { "line": 136, "column": 18 }, "end": { "line": 138, "column": 3 } },
        "locations": [
          { "start": { "line": 136, "column": 18 }, "end": { "line": 138, "column": 3 } }
        ]
      },
      "29": {
        "type": "branch",
        "line": 141,
        "loc": { "start": { "line": 141, "column": 0 }, "end": { "line": 177, "column": 1 } },
        "locations": [
          { "start": { "line": 141, "column": 0 }, "end": { "line": 177, "column": 1 } }
        ]
      },
      "30": {
        "type": "branch",
        "line": 153,
        "loc": { "start": { "line": 153, "column": 18 }, "end": { "line": 156, "column": 3 } },
        "locations": [
          { "start": { "line": 153, "column": 18 }, "end": { "line": 156, "column": 3 } }
        ]
      },
      "31": {
        "type": "branch",
        "line": 156,
        "loc": { "start": { "line": 156, "column": 2 }, "end": { "line": 160, "column": 3 } },
        "locations": [
          { "start": { "line": 156, "column": 2 }, "end": { "line": 160, "column": 3 } }
        ]
      },
      "32": {
        "type": "branch",
        "line": 160,
        "loc": { "start": { "line": 160, "column": 2 }, "end": { "line": 177, "column": 1 } },
        "locations": [
          { "start": { "line": 160, "column": 2 }, "end": { "line": 177, "column": 1 } }
        ]
      },
      "33": {
        "type": "branch",
        "line": 179,
        "loc": { "start": { "line": 179, "column": 7 }, "end": { "line": 281, "column": 1 } },
        "locations": [
          { "start": { "line": 179, "column": 7 }, "end": { "line": 281, "column": 1 } }
        ]
      },
      "34": {
        "type": "branch",
        "line": 186,
        "loc": { "start": { "line": 186, "column": 52 }, "end": { "line": 186, "column": 63 } },
        "locations": [
          { "start": { "line": 186, "column": 52 }, "end": { "line": 186, "column": 63 } }
        ]
      },
      "35": {
        "type": "branch",
        "line": 188,
        "loc": { "start": { "line": 188, "column": 13 }, "end": { "line": 188, "column": 48 } },
        "locations": [
          { "start": { "line": 188, "column": 13 }, "end": { "line": 188, "column": 48 } }
        ]
      },
      "36": {
        "type": "branch",
        "line": 188,
        "loc": { "start": { "line": 188, "column": 33 }, "end": { "line": 188, "column": 69 } },
        "locations": [
          { "start": { "line": 188, "column": 33 }, "end": { "line": 188, "column": 69 } }
        ]
      },
      "37": {
        "type": "branch",
        "line": 188,
        "loc": { "start": { "line": 188, "column": 60 }, "end": { "line": 188, "column": 85 } },
        "locations": [
          { "start": { "line": 188, "column": 60 }, "end": { "line": 188, "column": 85 } }
        ]
      },
      "38": {
        "type": "branch",
        "line": 195,
        "loc": { "start": { "line": 195, "column": 24 }, "end": { "line": 195, "column": 67 } },
        "locations": [
          { "start": { "line": 195, "column": 24 }, "end": { "line": 195, "column": 67 } }
        ]
      },
      "39": {
        "type": "branch",
        "line": 195,
        "loc": { "start": { "line": 195, "column": 54 }, "end": { "line": 195, "column": 67 } },
        "locations": [
          { "start": { "line": 195, "column": 54 }, "end": { "line": 195, "column": 67 } }
        ]
      },
      "40": {
        "type": "branch",
        "line": 195,
        "loc": { "start": { "line": 195, "column": 59 }, "end": { "line": 195, "column": 72 } },
        "locations": [
          { "start": { "line": 195, "column": 59 }, "end": { "line": 195, "column": 72 } }
        ]
      },
      "41": {
        "type": "branch",
        "line": 208,
        "loc": { "start": { "line": 208, "column": 56 }, "end": { "line": 208, "column": 67 } },
        "locations": [
          { "start": { "line": 208, "column": 56 }, "end": { "line": 208, "column": 67 } }
        ]
      },
      "42": {
        "type": "branch",
        "line": 267,
        "loc": { "start": { "line": 267, "column": 15 }, "end": { "line": 267, "column": 36 } },
        "locations": [
          { "start": { "line": 267, "column": 15 }, "end": { "line": 267, "column": 36 } }
        ]
      },
      "43": {
        "type": "branch",
        "line": 267,
        "loc": { "start": { "line": 267, "column": 36 }, "end": { "line": 276, "column": 3 } },
        "locations": [
          { "start": { "line": 267, "column": 36 }, "end": { "line": 276, "column": 3 } }
        ]
      },
      "44": {
        "type": "branch",
        "line": 276,
        "loc": { "start": { "line": 276, "column": 2 }, "end": { "line": 277, "column": 24 } },
        "locations": [
          { "start": { "line": 276, "column": 2 }, "end": { "line": 277, "column": 24 } }
        ]
      },
      "45": {
        "type": "branch",
        "line": 277,
        "loc": { "start": { "line": 277, "column": 24 }, "end": { "line": 279, "column": 3 } },
        "locations": [
          { "start": { "line": 277, "column": 24 }, "end": { "line": 279, "column": 3 } }
        ]
      },
      "46": {
        "type": "branch",
        "line": 279,
        "loc": { "start": { "line": 279, "column": 2 }, "end": { "line": 281, "column": 1 } },
        "locations": [
          { "start": { "line": 279, "column": 2 }, "end": { "line": 281, "column": 1 } }
        ]
      },
      "47": {
        "type": "branch",
        "line": 211,
        "loc": { "start": { "line": 211, "column": 11 }, "end": { "line": 264, "column": 3 } },
        "locations": [
          { "start": { "line": 211, "column": 11 }, "end": { "line": 264, "column": 3 } }
        ]
      },
      "48": {
        "type": "branch",
        "line": 213,
        "loc": { "start": { "line": 213, "column": 23 }, "end": { "line": 227, "column": 5 } },
        "locations": [
          { "start": { "line": 213, "column": 23 }, "end": { "line": 227, "column": 5 } }
        ]
      },
      "49": {
        "type": "branch",
        "line": 214,
        "loc": { "start": { "line": 214, "column": 27 }, "end": { "line": 216, "column": 7 } },
        "locations": [
          { "start": { "line": 214, "column": 27 }, "end": { "line": 216, "column": 7 } }
        ]
      },
      "50": {
        "type": "branch",
        "line": 227,
        "loc": { "start": { "line": 227, "column": 4 }, "end": { "line": 229, "column": 30 } },
        "locations": [
          { "start": { "line": 227, "column": 4 }, "end": { "line": 229, "column": 30 } }
        ]
      },
      "51": {
        "type": "branch",
        "line": 229,
        "loc": { "start": { "line": 229, "column": 30 }, "end": { "line": 244, "column": 5 } },
        "locations": [
          { "start": { "line": 229, "column": 30 }, "end": { "line": 244, "column": 5 } }
        ]
      },
      "52": {
        "type": "branch",
        "line": 244,
        "loc": { "start": { "line": 244, "column": 4 }, "end": { "line": 246, "column": 25 } },
        "locations": [
          { "start": { "line": 244, "column": 4 }, "end": { "line": 246, "column": 25 } }
        ]
      },
      "53": {
        "type": "branch",
        "line": 246,
        "loc": { "start": { "line": 246, "column": 25 }, "end": { "line": 248, "column": 5 } },
        "locations": [
          { "start": { "line": 246, "column": 25 }, "end": { "line": 248, "column": 5 } }
        ]
      },
      "54": {
        "type": "branch",
        "line": 248,
        "loc": { "start": { "line": 248, "column": 4 }, "end": { "line": 250, "column": 26 } },
        "locations": [
          { "start": { "line": 248, "column": 4 }, "end": { "line": 250, "column": 26 } }
        ]
      },
      "55": {
        "type": "branch",
        "line": 250,
        "loc": { "start": { "line": 250, "column": 26 }, "end": { "line": 252, "column": 5 } },
        "locations": [
[...]
      "91": { "start": { "line": 92, "column": 0 }, "end": { "line": 92, "column": 14 } },
      "92": { "start": { "line": 93, "column": 0 }, "end": { "line": 93, "column": 3 } },
      "95": { "start": { "line": 96, "column": 0 }, "end": { "line": 96, "column": 37 } },
      "96": { "start": { "line": 97, "column": 0 }, "end": { "line": 97, "column": 31 } },
      "97": { "start": { "line": 98, "column": 0 }, "end": { "line": 98, "column": 3 } },
      "99": { "start": { "line": 100, "column": 0 }, "end": { "line": 100, "column": 12 } },
      "100": { "start": { "line": 101, "column": 0 }, "end": { "line": 101, "column": 1 } }
    },
    "s": {
      "0": 1,
      "3": 1,
      "5": 1,
      "6": 1,
      "8": 253,
      "9": 253,
      "10": 253,
      "12": 26,
      "13": 26,
      "14": 2,
      "15": 2,
      "17": 24,
      "19": 26,
      "21": 277,
      "22": 22,
      "23": 22,
      "24": 277,
      "25": 2,
      "26": 2,
      "28": 253,
      "29": 253,
      "30": 0,
      "31": 0,
      "38": 59,
      "39": 59,
      "40": 59,
      "41": 59,
      "42": 59,
      "43": 59,
      "44": 59,
      "45": 32,
      "46": 32,
      "48": 59,
      "49": 14,
      "50": 1,
      "51": 1,
      "52": 13,
      "53": 14,
      "54": 14,
      "55": 14,
      "56": 135,
      "57": 135,
      "58": 11,
      "59": 11,
      "60": 11,
      "61": 124,
      "62": 14,
      "63": 11,
      "64": 11,
      "66": 22,
      "67": 10,
      "68": 1,
      "69": 2,
      "70": 2,
      "71": 1,
      "72": 10,
      "73": 9,
      "74": 9,
      "75": 134,
      "76": 134,
      "77": 9,
      "78": 7,
      "79": 8,
      "80": 8,
      "82": 19,
      "83": 2,
      "84": 4,
      "85": 4,
      "86": 4,
      "87": 2,
      "88": 2,
      "89": 2,
      "90": 2,
      "91": 2,
      "92": 2,
      "95": 1,
      "96": 1,
      "97": 1,
      "99": 1,
      "100": 1
    },
    "branchMap": {
      "0": {
        "type": "branch",
        "line": 9,
        "loc": { "start": { "line": 9, "column": 0 }, "end": { "line": 11, "column": 1 } },
        "locations": [{ "start": { "line": 9, "column": 0 }, "end": { "line": 11, "column": 1 } }]
      },
      "1": {
        "type": "branch",
        "line": 10,
        "loc": { "start": { "line": 10, "column": 21 }, "end": { "line": 10, "column": 57 } },
        "locations": [
          { "start": { "line": 10, "column": 21 }, "end": { "line": 10, "column": 57 } }
        ]
      },
      "2": {
        "type": "branch",
        "line": 13,
        "loc": { "start": { "line": 13, "column": 0 }, "end": { "line": 32, "column": 1 } },
        "locations": [{ "start": { "line": 13, "column": 0 }, "end": { "line": 32, "column": 1 } }]
      },
      "3": {
        "type": "branch",
        "line": 14,
        "loc": { "start": { "line": 14, "column": 22 }, "end": { "line": 16, "column": 3 } },
        "locations": [{ "start": { "line": 14, "column": 22 }, "end": { "line": 16, "column": 3 } }]
      },
      "4": {
        "type": "branch",
        "line": 16,
        "loc": { "start": { "line": 16, "column": 2 }, "end": { "line": 20, "column": 26 } },
        "locations": [{ "start": { "line": 16, "column": 2 }, "end": { "line": 20, "column": 26 } }]
      },
      "5": {
        "type": "branch",
        "line": 20,
        "loc": { "start": { "line": 20, "column": 26 }, "end": { "line": 30, "column": 3 } },
        "locations": [{ "start": { "line": 20, "column": 26 }, "end": { "line": 30, "column": 3 } }]
      },
      "6": {
        "type": "branch",
        "line": 22,
        "loc": { "start": { "line": 22, "column": 25 }, "end": { "line": 24, "column": 5 } },
        "locations": [{ "start": { "line": 22, "column": 25 }, "end": { "line": 24, "column": 5 } }]
      },
      "7": {
        "type": "branch",
        "line": 24,
        "loc": { "start": { "line": 24, "column": 4 }, "end": { "line": 25, "column": 38 } },
        "locations": [{ "start": { "line": 24, "column": 4 }, "end": { "line": 25, "column": 38 } }]
      },
      "8": {
        "type": "branch",
        "line": 25,
        "loc": { "start": { "line": 25, "column": 38 }, "end": { "line": 27, "column": 5 } },
        "locations": [{ "start": { "line": 25, "column": 38 }, "end": { "line": 27, "column": 5 } }]
      },
      "9": {
        "type": "branch",
        "line": 27,
        "loc": { "start": { "line": 27, "column": 4 }, "end": { "line": 30, "column": 3 } },
        "locations": [{ "start": { "line": 27, "column": 4 }, "end": { "line": 30, "column": 3 } }]
      },
      "10": {
        "type": "branch",
        "line": 30,
        "loc": { "start": { "line": 30, "column": 2 }, "end": { "line": 32, "column": 1 } },
        "locations": [{ "start": { "line": 30, "column": 2 }, "end": { "line": 32, "column": 1 } }]
      },
      "11": {
        "type": "branch",
        "line": 39,
        "loc": { "start": { "line": 39, "column": 0 }, "end": { "line": 101, "column": 1 } },
        "locations": [{ "start": { "line": 39, "column": 0 }, "end": { "line": 101, "column": 1 } }]
      },
      "12": {
        "type": "branch",
        "line": 45,
        "loc": { "start": { "line": 45, "column": 15 }, "end": { "line": 47, "column": 3 } },
        "locations": [{ "start": { "line": 45, "column": 15 }, "end": { "line": 47, "column": 3 } }]
      },
      "13": {
        "type": "branch",
        "line": 47,
        "loc": { "start": { "line": 47, "column": 2 }, "end": { "line": 49, "column": 29 } },
        "locations": [{ "start": { "line": 47, "column": 2 }, "end": { "line": 49, "column": 29 } }]
      },
      "14": {
        "type": "branch",
        "line": 49,
        "loc": { "start": { "line": 49, "column": 29 }, "end": { "line": 65, "column": 3 } },
        "locations": [{ "start": { "line": 49, "column": 29 }, "end": { "line": 65, "column": 3 } }]
      },
      "15": {
        "type": "branch",
        "line": 50,
        "loc": { "start": { "line": 50, "column": 28 }, "end": { "line": 52, "column": 5 } },
        "locations": [{ "start": { "line": 50, "column": 28 }, "end": { "line": 52, "column": 5 } }]
      },
      "16": {
        "type": "branch",
        "line": 52,
        "loc": { "start": { "line": 52, "column": 4 }, "end": { "line": 54, "column": 32 } },
        "locations": [{ "start": { "line": 52, "column": 4 }, "end": { "line": 54, "column": 32 } }]
      },
      "17": {
        "type": "branch",
        "line": 54,
        "loc": { "start": { "line": 54, "column": 24 }, "end": { "line": 54, "column": 49 } },
        "locations": [
          { "start": { "line": 54, "column": 24 }, "end": { "line": 54, "column": 49 } }
        ]
      },
      "18": {
        "type": "branch",
        "line": 63,
        "loc": { "start": { "line": 63, "column": 13 }, "end": { "line": 65, "column": 3 } },
        "locations": [{ "start": { "line": 63, "column": 13 }, "end": { "line": 65, "column": 3 } }]
      },
      "19": {
        "type": "branch",
        "line": 65,
        "loc": { "start": { "line": 65, "column": 2 }, "end": { "line": 81, "column": 3 } },
        "locations": [{ "start": { "line": 65, "column": 2 }, "end": { "line": 81, "column": 3 } }]
      },
      "20": {
        "type": "branch",
        "line": 65,
        "loc": { "start": { "line": 65, "column": 2 }, "end": { "line": 67, "column": 27 } },
        "locations": [{ "start": { "line": 65, "column": 2 }, "end": { "line": 67, "column": 27 } }]
      },
      "21": {
        "type": "branch",
        "line": 67,
        "loc": { "start": { "line": 67, "column": 27 }, "end": { "line": 81, "column": 3 } },
        "locations": [{ "start": { "line": 67, "column": 27 }, "end": { "line": 81, "column": 3 } }]
      },
      "22": {
        "type": "branch",
        "line": 68,
        "loc": { "start": { "line": 68, "column": 30 }, "end": { "line": 73, "column": 11 } },
        "locations": [
          { "start": { "line": 68, "column": 30 }, "end": { "line": 73, "column": 11 } }
        ]
      },
      "23": {
        "type": "branch",
        "line": 73,
        "loc": { "start": { "line": 73, "column": 4 }, "end": { "line": 79, "column": 5 } },
        "locations": [{ "start": { "line": 73, "column": 4 }, "end": { "line": 79, "column": 5 } }]
      },
      "24": {
        "type": "branch",
        "line": 74,
        "loc": { "start": { "line": 74, "column": 50 }, "end": { "line": 74, "column": 79 } },
        "locations": [
          { "start": { "line": 74, "column": 50 }, "end": { "line": 74, "column": 79 } }
        ]
      },
      "25": {
        "type": "branch",
        "line": 74,
        "loc": { "start": { "line": 74, "column": 75 }, "end": { "line": 74, "column": 91 } },
        "locations": [
          { "start": { "line": 74, "column": 75 }, "end": { "line": 74, "column": 91 } }
        ]
      },
      "26": {
        "type": "branch",
        "line": 78,
        "loc": { "start": { "line": 78, "column": 15 }, "end": { "line": 79, "column": 5 } },
        "locations": [{ "start": { "line": 78, "column": 15 }, "end": { "line": 79, "column": 5 } }]
      },
      "27": {
        "type": "branch",
        "line": 79,
        "loc": { "start": { "line": 79, "column": 4 }, "end": { "line": 81, "column": 3 } },
        "locations": [{ "start": { "line": 79, "column": 4 }, "end": { "line": 81, "column": 3 } }]
      },
      "28": {
        "type": "branch",
        "line": 81,
        "loc": { "start": { "line": 81, "column": 2 }, "end": { "line": 101, "column": 1 } },
        "locations": [{ "start": { "line": 81, "column": 2 }, "end": { "line": 101, "column": 1 } }]
      },
      "29": {
        "type": "branch",
        "line": 81,
        "loc": { "start": { "line": 81, "column": 2 }, "end": { "line": 83, "column": 29 } },
        "locations": [{ "start": { "line": 81, "column": 2 }, "end": { "line": 83, "column": 29 } }]
      },
      "30": {
        "type": "branch",
        "line": 83,
        "loc": { "start": { "line": 83, "column": 29 }, "end": { "line": 93, "column": 3 } },
        "locations": [{ "start": { "line": 83, "column": 29 }, "end": { "line": 93, "column": 3 } }]
      },
      "31": {
        "type": "branch",
        "line": 93,
        "loc": { "start": { "line": 93, "column": 2 }, "end": { "line": 101, "column": 1 } },
        "locations": [{ "start": { "line": 93, "column": 2 }, "end": { "line": 101, "column": 1 } }]
      },
      "32": {
        "type": "branch",
        "line": 56,
        "loc": { "start": { "line": 56, "column": 15 }, "end": { "line": 63, "column": 7 } },
        "locations": [{ "start": { "line": 56, "column": 15 }, "end": { "line": 63, "column": 7 } }]
      },
      "33": {
        "type": "branch",
        "line": 58,
        "loc": { "start": { "line": 58, "column": 33 }, "end": { "line": 61, "column": 7 } },
        "locations": [{ "start": { "line": 58, "column": 33 }, "end": { "line": 61, "column": 7 } }]
      },
      "34": {
        "type": "branch",
        "line": 61,
        "loc": { "start": { "line": 61, "column": 6 }, "end": { "line": 62, "column": 19 } },
        "locations": [{ "start": { "line": 61, "column": 6 }, "end": { "line": 62, "column": 19 } }]
      },
      "35": {
        "type": "branch",
        "line": 69,
        "loc": { "start": { "line": 69, "column": 17 }, "end": { "line": 72, "column": 9 } },
        "locations": [{ "start": { "line": 69, "column": 17 }, "end": { "line": 72, "column": 9 } }]
      },
      "36": {
        "type": "branch",
        "line": 75,
        "loc": { "start": { "line": 75, "column": 17 }, "end": { "line": 78, "column": 9 } },
        "locations": [{ "start": { "line": 75, "column": 17 }, "end": { "line": 78, "column": 9 } }]
      },
      "37": {
        "type": "branch",
        "line": 84,
        "loc": { "start": { "line": 84, "column": 15 }, "end": { "line": 91, "column": 7 } },
        "locations": [{ "start": { "line": 84, "column": 15 }, "end": { "line": 91, "column": 7 } }]
      },
      "38": {
        "type": "branch",
        "line": 87,
        "loc": { "start": { "line": 87, "column": 43 }, "end": { "line": 90, "column": 68 } },
        "locations": [
          { "start": { "line": 87, "column": 43 }, "end": { "line": 90, "column": 68 } }
        ]
      },
      "39": {
        "type": "branch",
        "line": 88,
        "loc": { "start": { "line": 88, "column": 26 }, "end": { "line": 88, "column": 95 } },
        "locations": [
          { "start": { "line": 88, "column": 26 }, "end": { "line": 88, "column": 95 } }
        ]
      }
    },
    "b": {
      "0": [253],
      "1": [253],
      "2": [26],
      "3": [2],
      "4": [24],
      "5": [277],
      "6": [22],
      "7": [255],
      "8": [2],
      "9": [253],
      "10": [0],
      "11": [59],
      "12": [32],
      "13": [27],
      "14": [14],
      "15": [1],
      "16": [13],
      "17": [10],
      "18": [11],
      "19": [22],
      "20": [13],
      "21": [10],
      "22": [1],
      "23": [9],
      "24": [1],
      "25": [8],
      "26": [7],
      "27": [8],
      "28": [19],
      "29": [3],
      "30": [2],
      "31": [1],
      "32": [135],
      "33": [11],
      "34": [124],
      "35": [2],
      "36": [134],
      "37": [4],
      "38": [2],
      "39": [3]
    },
    "fnMap": {
      "0": {
        "name": "sleep",
        "decl": { "start": { "line": 9, "column": 0 }, "end": { "line": 11, "column": 1 } },
        "loc": { "start": { "line": 9, "column": 0 }, "end": { "line": 11, "column": 1 } },
        "line": 9
      },
      "1": {
        "name": "poll",
        "decl": { "start": { "line": 13, "column": 0 }, "end": { "line": 32, "column": 1 } },
        "loc": { "start": { "line": 13, "column": 0 }, "end": { "line": 32, "column": 1 } },
        "line": 13
      },
      "2": {
        "name": "waitForReady",
        "decl": { "start": { "line": 39, "column": 0 }, "end": { "line": 101, "column": 1 } },
        "loc": { "start": { "line": 39, "column": 0 }, "end": { "line": 101, "column": 1 } },
        "line": 39
      }
    },
    "f": { "0": 253, "1": 26, "2": 59 }
  },
  "/home/kboshold/workspace/private/zaps/src/lib/service/state.ts": {
    "path": "/home/kboshold/workspace/private/zaps/src/lib/service/state.ts",
    "all": false,
    "statementMap": {
      "2": { "start": { "line": 3, "column": 0 }, "end": { "line": 3, "column": 65 } },
      "3": { "start": { "line": 4, "column": 0 }, "end": { "line": 4, "column": 24 } },
      "4": { "start": { "line": 5, "column": 0 }, "end": { "line": 5, "column": 43 } },
      "5": { "start": { "line": 6, "column": 0 }, "end": { "line": 6, "column": 45 } },
      "6": { "start": { "line": 7, "column": 0 }, "end": { "line": 7, "column": 24 } },
      "7": { "start": { "line": 8, "column": 0 }, "end": { "line": 8, "column": 22 } },
      "8": { "start": { "line": 9, "column": 0 }, "end": { "line": 9, "column": 27 } },
      "9": { "start": { "line": 10, "column": 0 }, "end": { "line": 10, "column": 2 } },
      "14": { "start": { "line": 15, "column": 0 }, "end": { "line": 15, "column": 78 } },
      "15": { "start": { "line": 16, "column": 0 }, "end": { "line": 16, "column": 56 } },
      "16": { "start": { "line": 17, "column": 0 }, "end": { "line": 17, "column": 1 } },
      "21": { "start": { "line": 22, "column": 0 }, "end": { "line": 22, "column": 80 } },
      "22": { "start": { "line": 23, "column": 0 }, "end": { "line": 23, "column": 33 } },
      "23": { "start": { "line": 24, "column": 0 }, "end": { "line": 24, "column": 70 } },
      "24": { "start": { "line": 25, "column": 0 }, "end": { "line": 25, "column": 3 } },
      "25": { "start": { "line": 26, "column": 0 }, "end": { "line": 26, "column": 12 } },
      "26": { "start": { "line": 27, "column": 0 }, "end": { "line": 27, "column": 1 } },
      "31": { "start": { "line": 32, "column": 0 }, "end": { "line": 32, "column": 66 } },
      "32": { "start": { "line": 33, "column": 0 }, "end": { "line": 33, "column": 10 } },
      "33": { "start": { "line": 34, "column": 0 }, "end": { "line": 34, "column": 9 } },
      "34": { "start": { "line": 35, "column": 0 }, "end": { "line": 35, "column": 21 } },
      "35": { "start": { "line": 36, "column": 0 }, "end": { "line": 36, "column": 14 } },
      "36": { "start": { "line": 37, "column": 0 }, "end": { "line": 37, "column": 18 } },
      "37": { "start": { "line": 38, "column": 0 }, "end": { "line": 38, "column": 4 } },
      "38": { "start": { "line": 39, "column": 0 }, "end": { "line": 39, "column": 1 } }
    },
    "s": {
      "2": 1,
      "3": 1,
      "4": 1,
      "5": 1,
      "6": 1,
      "7": 1,
      "8": 1,
      "9": 1,
      "14": 1,
      "15": 136,
      "16": 136,
      "21": 1,
      "22": 109,
      "23": 2,
      "24": 2,
      "25": 107,
      "26": 107,
      "31": 1,
      "32": 43,
      "33": 43,
      "34": 43,
      "35": 43,
      "36": 43,
      "37": 43,
      "38": 43
    },
    "branchMap": {
      "0": {
        "type": "branch",
        "line": 15,
        "loc": { "start": { "line": 15, "column": 7 }, "end": { "line": 17, "column": 1 } },
        "locations": [{ "start": { "line": 15, "column": 7 }, "end": { "line": 17, "column": 1 } }]
      },
      "1": {
        "type": "branch",
        "line": 16,
        "loc": { "start": { "line": 16, "column": 45 }, "end": { "line": 16, "column": 56 } },
        "locations": [
          { "start": { "line": 16, "column": 45 }, "end": { "line": 16, "column": 56 } }
        ]
      },
      "2": {
        "type": "branch",
        "line": 22,
        "loc": { "start": { "line": 22, "column": 7 }, "end": { "line": 27, "column": 1 } },
        "locations": [{ "start": { "line": 22, "column": 7 }, "end": { "line": 27, "column": 1 } }]
      },
      "3": {
        "type": "branch",
        "line": 23,
        "loc": { "start": { "line": 23, "column": 32 }, "end": { "line": 25, "column": 3 } },
        "locations": [{ "start": { "line": 23, "column": 32 }, "end": { "line": 25, "column": 3 } }]
      },
      "4": {
        "type": "branch",
        "line": 25,
        "loc": { "start": { "line": 25, "column": 2 }, "end": { "line": 27, "column": 1 } },
        "locations": [{ "start": { "line": 25, "column": 2 }, "end": { "line": 27, "column": 1 } }]
      },
      "5": {
        "type": "branch",
        "line": 32,
        "loc": { "start": { "line": 32, "column": 7 }, "end": { "line": 39, "column": 1 } },
        "locations": [{ "start": { "line": 32, "column": 7 }, "end": { "line": 39, "column": 1 } }]
      }
    },
    "b": { "0": [136], "1": [0], "2": [109], "3": [2], "4": [107], "5": [43] },
    "fnMap": {
      "0": {
        "name": "canTransition",
        "decl": { "start": { "line": 15, "column": 7 }, "end": { "line": 17, "column": 1 } },
        "loc": { "start": { "line": 15, "column": 7 }, "end": { "line": 17, "column": 1 } },
        "line": 15
      },
      "1": {
        "name": "transition",
        "decl": { "start": { "line": 22, "column": 7 }, "end": { "line": 27, "column": 1 } },
        "loc": { "start": { "line": 22, "column": 7 }, "end": { "line": 27, "column": 1 } },
        "line": 22
      },
      "2": {
        "name": "createServiceStatus",
        "decl": { "start": { "line": 32, "column": 7 }, "end": { "line": 39, "column": 1 } },
        "loc": { "start": { "line": 32, "column": 7 }, "end": { "line": 39, "column": 1 } },
        "line": 32
      }
    },
    "f": { "0": 136, "1": 109, "2": 43 }
  },
  "/home/kboshold/workspace/private/zaps/src/lib/service/types.ts": {
    "path": "/home/kboshold/workspace/private/zaps/src/lib/service/types.ts",
    "all": false,
    "statementMap": {
      "12": { "start": { "line": 13, "column": 0 }, "end": { "line": 13, "column": 81 } }
    },
    "s": { "12": 1 },
    "branchMap": {},
    "b": {},
    "fnMap": {},
    "f": {}
  }
}
